RP = 0.0465644 	 TP = 0.770282 	 RPTP = 0.0337054 window 1/1	pass 1/1	step 0/5e+07
window 1/1	pass 1/1	step 50000/5e+07
window 1/1	pass 1/1	step 100000/5e+07
window 1/1	pass 1/1	step 150000/5e+07
window 1/1	pass 1/1	step 200000/5e+07
window 1/1	pass 1/1	step 250000/5e+07
window 1/1	pass 1/1	step 300000/5e+07
window 1/1	pass 1/1	step 350000/5e+07
window 1/1	pass 1/1	step 400000/5e+07
window 1/1	pass 1/1	step 450000/5e+07
window 1/1	pass 1/1	step 500000/5e+07
window 1/1	pass 1/1	step 550000/5e+07
window 1/1	pass 1/1	step 600000/5e+07
window 1/1	pass 1/1	step 650000/5e+07
window 1/1	pass 1/1	step 700000/5e+07
window 1/1	pass 1/1	step 750000/5e+07
window 1/1	pass 1/1	step 800000/5e+07
window 1/1	pass 1/1	step 850000/5e+07
window 1/1	pass 1/1	step 900000/5e+07
window 1/1	pass 1/1	step 950000/5e+07
window 1/1	pass 1/1	step 1e+06/5e+07
window 1/1	pass 1/1	step 1.05e+06/5e+07
window 1/1	pass 1/1	step 1.1e+06/5e+07
window 1/1	pass 1/1	step 1.15e+06/5e+07
window 1/1	pass 1/1	step 1.2e+06/5e+07
window 1/1	pass 1/1	step 1.25e+06/5e+07
window 1/1	pass 1/1	step 1.3e+06/5e+07
window 1/1	pass 1/1	step 1.35e+06/5e+07
window 1/1	pass 1/1	step 1.4e+06/5e+07
window 1/1	pass 1/1	step 1.45e+06/5e+07
window 1/1	pass 1/1	step 1.5e+06/5e+07
window 1/1	pass 1/1	step 1.55e+06/5e+07
window 1/1	pass 1/1	step 1.6e+06/5e+07
window 1/1	pass 1/1	step 1.65e+06/5e+07
window 1/1	pass 1/1	step 1.7e+06/5e+07
window 1/1	pass 1/1	step 1.75e+06/5e+07
window 1/1	pass 1/1	step 1.8e+06/5e+07
window 1/1	pass 1/1	step 1.85e+06/5e+07
window 1/1	pass 1/1	step 1.9e+06/5e+07
window 1/1	pass 1/1	step 1.95e+06/5e+07
window 1/1	pass 1/1	step 2e+06/5e+07
window 1/1	pass 1/1	step 2.05e+06/5e+07
window 1/1	pass 1/1	step 2.1e+06/5e+07
window 1/1	pass 1/1	step 2.15e+06/5e+07
window 1/1	pass 1/1	step 2.2e+06/5e+07
window 1/1	pass 1/1	step 2.25e+06/5e+07
window 1/1	pass 1/1	step 2.3e+06/5e+07
window 1/1	pass 1/1	step 2.35e+06/5e+07
window 1/1	pass 1/1	step 2.4e+06/5e+07
window 1/1	pass 1/1	step 2.45e+06/5e+07
window 1/1	pass 1/1	step 2.5e+06/5e+07
window 1/1	pass 1/1	step 2.55e+06/5e+07
window 1/1	pass 1/1	step 2.6e+06/5e+07
window 1/1	pass 1/1	step 2.65e+06/5e+07
window 1/1	pass 1/1	step 2.7e+06/5e+07
window 1/1	pass 1/1	step 2.75e+06/5e+07
window 1/1	pass 1/1	step 2.8e+06/5e+07
window 1/1	pass 1/1	step 2.85e+06/5e+07
window 1/1	pass 1/1	step 2.9e+06/5e+07
window 1/1	pass 1/1	step 2.95e+06/5e+07
window 1/1	pass 1/1	step 3e+06/5e+07
window 1/1	pass 1/1	step 3.05e+06/5e+07
window 1/1	pass 1/1	step 3.1e+06/5e+07
window 1/1	pass 1/1	step 3.15e+06/5e+07
window 1/1	pass 1/1	step 3.2e+06/5e+07
window 1/1	pass 1/1	step 3.25e+06/5e+07
window 1/1	pass 1/1	step 3.3e+06/5e+07
window 1/1	pass 1/1	step 3.35e+06/5e+07
window 1/1	pass 1/1	step 3.4e+06/5e+07
window 1/1	pass 1/1	step 3.45e+06/5e+07
window 1/1	pass 1/1	step 3.5e+06/5e+07
window 1/1	pass 1/1	step 3.55e+06/5e+07
window 1/1	pass 1/1	step 3.6e+06/5e+07
window 1/1	pass 1/1	step 3.65e+06/5e+07
window 1/1	pass 1/1	step 3.7e+06/5e+07
window 1/1	pass 1/1	step 3.75e+06/5e+07
window 1/1	pass 1/1	step 3.8e+06/5e+07
window 1/1	pass 1/1	step 3.85e+06/5e+07
window 1/1	pass 1/1	step 3.9e+06/5e+07
window 1/1	pass 1/1	step 3.95e+06/5e+07
window 1/1	pass 1/1	step 4e+06/5e+07
window 1/1	pass 1/1	step 4.05e+06/5e+07
window 1/1	pass 1/1	step 4.1e+06/5e+07
window 1/1	pass 1/1	step 4.15e+06/5e+07
window 1/1	pass 1/1	step 4.2e+06/5e+07
window 1/1	pass 1/1	step 4.25e+06/5e+07
window 1/1	pass 1/1	step 4.3e+06/5e+07
window 1/1	pass 1/1	step 4.35e+06/5e+07
window 1/1	pass 1/1	step 4.4e+06/5e+07
window 1/1	pass 1/1	step 4.45e+06/5e+07
window 1/1	pass 1/1	step 4.5e+06/5e+07
window 1/1	pass 1/1	step 4.55e+06/5e+07
window 1/1	pass 1/1	step 4.6e+06/5e+07
window 1/1	pass 1/1	step 4.65e+06/5e+07
window 1/1	pass 1/1	step 4.7e+06/5e+07
window 1/1	pass 1/1	step 4.75e+06/5e+07
window 1/1	pass 1/1	step 4.8e+06/5e+07
window 1/1	pass 1/1	step 4.85e+06/5e+07
window 1/1	pass 1/1	step 4.9e+06/5e+07
window 1/1	pass 1/1	step 4.95e+06/5e+07
window 1/1	pass 1/1	step 5e+06/5e+07
window 1/1	pass 1/1	step 5.05e+06/5e+07
window 1/1	pass 1/1	step 5.1e+06/5e+07
window 1/1	pass 1/1	step 5.15e+06/5e+07
window 1/1	pass 1/1	step 5.2e+06/5e+07
window 1/1	pass 1/1	step 5.25e+06/5e+07
window 1/1	pass 1/1	step 5.3e+06/5e+07
window 1/1	pass 1/1	step 5.35e+06/5e+07
window 1/1	pass 1/1	step 5.4e+06/5e+07
window 1/1	pass 1/1	step 5.45e+06/5e+07
window 1/1	pass 1/1	step 5.5e+06/5e+07
window 1/1	pass 1/1	step 5.55e+06/5e+07
window 1/1	pass 1/1	step 5.6e+06/5e+07
window 1/1	pass 1/1	step 5.65e+06/5e+07
window 1/1	pass 1/1	step 5.7e+06/5e+07
window 1/1	pass 1/1	step 5.75e+06/5e+07
window 1/1	pass 1/1	step 5.8e+06/5e+07
window 1/1	pass 1/1	step 5.85e+06/5e+07
window 1/1	pass 1/1	step 5.9e+06/5e+07
window 1/1	pass 1/1	step 5.95e+06/5e+07
window 1/1	pass 1/1	step 6e+06/5e+07
window 1/1	pass 1/1	step 6.05e+06/5e+07
window 1/1	pass 1/1	step 6.1e+06/5e+07
window 1/1	pass 1/1	step 6.15e+06/5e+07
window 1/1	pass 1/1	step 6.2e+06/5e+07
window 1/1	pass 1/1	step 6.25e+06/5e+07
window 1/1	pass 1/1	step 6.3e+06/5e+07
window 1/1	pass 1/1	step 6.35e+06/5e+07
window 1/1	pass 1/1	step 6.4e+06/5e+07
window 1/1	pass 1/1	step 6.45e+06/5e+07
window 1/1	pass 1/1	step 6.5e+06/5e+07
window 1/1	pass 1/1	step 6.55e+06/5e+07
window 1/1	pass 1/1	step 6.6e+06/5e+07
window 1/1	pass 1/1	step 6.65e+06/5e+07
window 1/1	pass 1/1	step 6.7e+06/5e+07
window 1/1	pass 1/1	step 6.75e+06/5e+07
window 1/1	pass 1/1	step 6.8e+06/5e+07
window 1/1	pass 1/1	step 6.85e+06/5e+07
window 1/1	pass 1/1	step 6.9e+06/5e+07
window 1/1	pass 1/1	step 6.95e+06/5e+07
window 1/1	pass 1/1	step 7e+06/5e+07
window 1/1	pass 1/1	step 7.05e+06/5e+07
window 1/1	pass 1/1	step 7.1e+06/5e+07
window 1/1	pass 1/1	step 7.15e+06/5e+07
window 1/1	pass 1/1	step 7.2e+06/5e+07
window 1/1	pass 1/1	step 7.25e+06/5e+07
window 1/1	pass 1/1	step 7.3e+06/5e+07
window 1/1	pass 1/1	step 7.35e+06/5e+07
window 1/1	pass 1/1	step 7.4e+06/5e+07
window 1/1	pass 1/1	step 7.45e+06/5e+07
window 1/1	pass 1/1	step 7.5e+06/5e+07
window 1/1	pass 1/1	step 7.55e+06/5e+07
window 1/1	pass 1/1	step 7.6e+06/5e+07
window 1/1	pass 1/1	step 7.65e+06/5e+07
window 1/1	pass 1/1	step 7.7e+06/5e+07
window 1/1	pass 1/1	step 7.75e+06/5e+07
window 1/1	pass 1/1	step 7.8e+06/5e+07
window 1/1	pass 1/1	step 7.85e+06/5e+07
window 1/1	pass 1/1	step 7.9e+06/5e+07
window 1/1	pass 1/1	step 7.95e+06/5e+07
window 1/1	pass 1/1	step 8e+06/5e+07
window 1/1	pass 1/1	step 8.05e+06/5e+07
window 1/1	pass 1/1	step 8.1e+06/5e+07
window 1/1	pass 1/1	step 8.15e+06/5e+07
window 1/1	pass 1/1	step 8.2e+06/5e+07
window 1/1	pass 1/1	step 8.25e+06/5e+07
window 1/1	pass 1/1	step 8.3e+06/5e+07
window 1/1	pass 1/1	step 8.35e+06/5e+07
window 1/1	pass 1/1	step 8.4e+06/5e+07
window 1/1	pass 1/1	step 8.45e+06/5e+07
window 1/1	pass 1/1	step 8.5e+06/5e+07
window 1/1	pass 1/1	step 8.55e+06/5e+07
window 1/1	pass 1/1	step 8.6e+06/5e+07
window 1/1	pass 1/1	step 8.65e+06/5e+07
window 1/1	pass 1/1	step 8.7e+06/5e+07
window 1/1	pass 1/1	step 8.75e+06/5e+07
window 1/1	pass 1/1	step 8.8e+06/5e+07
window 1/1	pass 1/1	step 8.85e+06/5e+07
window 1/1	pass 1/1	step 8.9e+06/5e+07
window 1/1	pass 1/1	step 8.95e+06/5e+07
window 1/1	pass 1/1	step 9e+06/5e+07
window 1/1	pass 1/1	step 9.05e+06/5e+07
window 1/1	pass 1/1	step 9.1e+06/5e+07
window 1/1	pass 1/1	step 9.15e+06/5e+07
window 1/1	pass 1/1	step 9.2e+06/5e+07
window 1/1	pass 1/1	step 9.25e+06/5e+07
window 1/1	pass 1/1	step 9.3e+06/5e+07
window 1/1	pass 1/1	step 9.35e+06/5e+07
window 1/1	pass 1/1	step 9.4e+06/5e+07
window 1/1	pass 1/1	step 9.45e+06/5e+07
window 1/1	pass 1/1	step 9.5e+06/5e+07
window 1/1	pass 1/1	step 9.55e+06/5e+07
window 1/1	pass 1/1	step 9.6e+06/5e+07
window 1/1	pass 1/1	step 9.65e+06/5e+07
window 1/1	pass 1/1	step 9.7e+06/5e+07
window 1/1	pass 1/1	step 9.75e+06/5e+07
window 1/1	pass 1/1	step 9.8e+06/5e+07
window 1/1	pass 1/1	step 9.85e+06/5e+07
window 1/1	pass 1/1	step 9.9e+06/5e+07
window 1/1	pass 1/1	step 9.95e+06/5e+07
window 1/1	pass 1/1	step 1e+07/5e+07
window 1/1	pass 1/1	step 1.005e+07/5e+07
window 1/1	pass 1/1	step 1.01e+07/5e+07
window 1/1	pass 1/1	step 1.015e+07/5e+07
window 1/1	pass 1/1	step 1.02e+07/5e+07
window 1/1	pass 1/1	step 1.025e+07/5e+07
window 1/1	pass 1/1	step 1.03e+07/5e+07
window 1/1	pass 1/1	step 1.035e+07/5e+07
window 1/1	pass 1/1	step 1.04e+07/5e+07
window 1/1	pass 1/1	step 1.045e+07/5e+07
window 1/1	pass 1/1	step 1.05e+07/5e+07
window 1/1	pass 1/1	step 1.055e+07/5e+07
window 1/1	pass 1/1	step 1.06e+07/5e+07
window 1/1	pass 1/1	step 1.065e+07/5e+07
window 1/1	pass 1/1	step 1.07e+07/5e+07
window 1/1	pass 1/1	step 1.075e+07/5e+07
window 1/1	pass 1/1	step 1.08e+07/5e+07
window 1/1	pass 1/1	step 1.085e+07/5e+07
window 1/1	pass 1/1	step 1.09e+07/5e+07
window 1/1	pass 1/1	step 1.095e+07/5e+07
window 1/1	pass 1/1	step 1.1e+07/5e+07
window 1/1	pass 1/1	step 1.105e+07/5e+07
window 1/1	pass 1/1	step 1.11e+07/5e+07
window 1/1	pass 1/1	step 1.115e+07/5e+07
window 1/1	pass 1/1	step 1.12e+07/5e+07
window 1/1	pass 1/1	step 1.125e+07/5e+07
window 1/1	pass 1/1	step 1.13e+07/5e+07
window 1/1	pass 1/1	step 1.135e+07/5e+07
window 1/1	pass 1/1	step 1.14e+07/5e+07
window 1/1	pass 1/1	step 1.145e+07/5e+07
window 1/1	pass 1/1	step 1.15e+07/5e+07
window 1/1	pass 1/1	step 1.155e+07/5e+07
window 1/1	pass 1/1	step 1.16e+07/5e+07
window 1/1	pass 1/1	step 1.165e+07/5e+07
window 1/1	pass 1/1	step 1.17e+07/5e+07
window 1/1	pass 1/1	step 1.175e+07/5e+07
window 1/1	pass 1/1	step 1.18e+07/5e+07
window 1/1	pass 1/1	step 1.185e+07/5e+07
window 1/1	pass 1/1	step 1.19e+07/5e+07
window 1/1	pass 1/1	step 1.195e+07/5e+07
window 1/1	pass 1/1	step 1.2e+07/5e+07
window 1/1	pass 1/1	step 1.205e+07/5e+07
window 1/1	pass 1/1	step 1.21e+07/5e+07
window 1/1	pass 1/1	step 1.215e+07/5e+07
window 1/1	pass 1/1	step 1.22e+07/5e+07
window 1/1	pass 1/1	step 1.225e+07/5e+07
window 1/1	pass 1/1	step 1.23e+07/5e+07
window 1/1	pass 1/1	step 1.235e+07/5e+07
window 1/1	pass 1/1	step 1.24e+07/5e+07
window 1/1	pass 1/1	step 1.245e+07/5e+07
window 1/1	pass 1/1	step 1.25e+07/5e+07
window 1/1	pass 1/1	step 1.255e+07/5e+07
window 1/1	pass 1/1	step 1.26e+07/5e+07
window 1/1	pass 1/1	step 1.265e+07/5e+07
window 1/1	pass 1/1	step 1.27e+07/5e+07
window 1/1	pass 1/1	step 1.275e+07/5e+07
window 1/1	pass 1/1	step 1.28e+07/5e+07
window 1/1	pass 1/1	step 1.285e+07/5e+07
window 1/1	pass 1/1	step 1.29e+07/5e+07
window 1/1	pass 1/1	step 1.295e+07/5e+07
window 1/1	pass 1/1	step 1.3e+07/5e+07
window 1/1	pass 1/1	step 1.305e+07/5e+07
window 1/1	pass 1/1	step 1.31e+07/5e+07
window 1/1	pass 1/1	step 1.315e+07/5e+07
window 1/1	pass 1/1	step 1.32e+07/5e+07
window 1/1	pass 1/1	step 1.325e+07/5e+07
window 1/1	pass 1/1	step 1.33e+07/5e+07
window 1/1	pass 1/1	step 1.335e+07/5e+07
window 1/1	pass 1/1	step 1.34e+07/5e+07
window 1/1	pass 1/1	step 1.345e+07/5e+07
window 1/1	pass 1/1	step 1.35e+07/5e+07
window 1/1	pass 1/1	step 1.355e+07/5e+07
window 1/1	pass 1/1	step 1.36e+07/5e+07
window 1/1	pass 1/1	step 1.365e+07/5e+07
window 1/1	pass 1/1	step 1.37e+07/5e+07
window 1/1	pass 1/1	step 1.375e+07/5e+07
window 1/1	pass 1/1	step 1.38e+07/5e+07
window 1/1	pass 1/1	step 1.385e+07/5e+07
window 1/1	pass 1/1	step 1.39e+07/5e+07
window 1/1	pass 1/1	step 1.395e+07/5e+07
window 1/1	pass 1/1	step 1.4e+07/5e+07
window 1/1	pass 1/1	step 1.405e+07/5e+07
window 1/1	pass 1/1	step 1.41e+07/5e+07
window 1/1	pass 1/1	step 1.415e+07/5e+07
window 1/1	pass 1/1	step 1.42e+07/5e+07
window 1/1	pass 1/1	step 1.425e+07/5e+07
window 1/1	pass 1/1	step 1.43e+07/5e+07
window 1/1	pass 1/1	step 1.435e+07/5e+07
window 1/1	pass 1/1	step 1.44e+07/5e+07
window 1/1	pass 1/1	step 1.445e+07/5e+07
window 1/1	pass 1/1	step 1.45e+07/5e+07
window 1/1	pass 1/1	step 1.455e+07/5e+07
window 1/1	pass 1/1	step 1.46e+07/5e+07
window 1/1	pass 1/1	step 1.465e+07/5e+07
window 1/1	pass 1/1	step 1.47e+07/5e+07
window 1/1	pass 1/1	step 1.475e+07/5e+07
window 1/1	pass 1/1	step 1.48e+07/5e+07
window 1/1	pass 1/1	step 1.485e+07/5e+07
window 1/1	pass 1/1	step 1.49e+07/5e+07
window 1/1	pass 1/1	step 1.495e+07/5e+07
window 1/1	pass 1/1	step 1.5e+07/5e+07
window 1/1	pass 1/1	step 1.505e+07/5e+07
window 1/1	pass 1/1	step 1.51e+07/5e+07
window 1/1	pass 1/1	step 1.515e+07/5e+07
window 1/1	pass 1/1	step 1.52e+07/5e+07
window 1/1	pass 1/1	step 1.525e+07/5e+07
window 1/1	pass 1/1	step 1.53e+07/5e+07
window 1/1	pass 1/1	step 1.535e+07/5e+07
window 1/1	pass 1/1	step 1.54e+07/5e+07
window 1/1	pass 1/1	step 1.545e+07/5e+07
window 1/1	pass 1/1	step 1.55e+07/5e+07
window 1/1	pass 1/1	step 1.555e+07/5e+07
window 1/1	pass 1/1	step 1.56e+07/5e+07
window 1/1	pass 1/1	step 1.565e+07/5e+07
window 1/1	pass 1/1	step 1.57e+07/5e+07
window 1/1	pass 1/1	step 1.575e+07/5e+07
window 1/1	pass 1/1	step 1.58e+07/5e+07
window 1/1	pass 1/1	step 1.585e+07/5e+07
window 1/1	pass 1/1	step 1.59e+07/5e+07
window 1/1	pass 1/1	step 1.595e+07/5e+07
window 1/1	pass 1/1	step 1.6e+07/5e+07
window 1/1	pass 1/1	step 1.605e+07/5e+07
window 1/1	pass 1/1	step 1.61e+07/5e+07
window 1/1	pass 1/1	step 1.615e+07/5e+07
window 1/1	pass 1/1	step 1.62e+07/5e+07
window 1/1	pass 1/1	step 1.625e+07/5e+07
window 1/1	pass 1/1	step 1.63e+07/5e+07
window 1/1	pass 1/1	step 1.635e+07/5e+07
window 1/1	pass 1/1	step 1.64e+07/5e+07
window 1/1	pass 1/1	step 1.645e+07/5e+07
window 1/1	pass 1/1	step 1.65e+07/5e+07
window 1/1	pass 1/1	step 1.655e+07/5e+07
window 1/1	pass 1/1	step 1.66e+07/5e+07
window 1/1	pass 1/1	step 1.665e+07/5e+07
window 1/1	pass 1/1	step 1.67e+07/5e+07
window 1/1	pass 1/1	step 1.675e+07/5e+07
window 1/1	pass 1/1	step 1.68e+07/5e+07
window 1/1	pass 1/1	step 1.685e+07/5e+07
window 1/1	pass 1/1	step 1.69e+07/5e+07
window 1/1	pass 1/1	step 1.695e+07/5e+07
window 1/1	pass 1/1	step 1.7e+07/5e+07
window 1/1	pass 1/1	step 1.705e+07/5e+07
window 1/1	pass 1/1	step 1.71e+07/5e+07
window 1/1	pass 1/1	step 1.715e+07/5e+07
window 1/1	pass 1/1	step 1.72e+07/5e+07
window 1/1	pass 1/1	step 1.725e+07/5e+07
window 1/1	pass 1/1	step 1.73e+07/5e+07
window 1/1	pass 1/1	step 1.735e+07/5e+07
window 1/1	pass 1/1	step 1.74e+07/5e+07
window 1/1	pass 1/1	step 1.745e+07/5e+07
window 1/1	pass 1/1	step 1.75e+07/5e+07
window 1/1	pass 1/1	step 1.755e+07/5e+07
window 1/1	pass 1/1	step 1.76e+07/5e+07
window 1/1	pass 1/1	step 1.765e+07/5e+07
window 1/1	pass 1/1	step 1.77e+07/5e+07
window 1/1	pass 1/1	step 1.775e+07/5e+07
window 1/1	pass 1/1	step 1.78e+07/5e+07
window 1/1	pass 1/1	step 1.785e+07/5e+07
window 1/1	pass 1/1	step 1.79e+07/5e+07
window 1/1	pass 1/1	step 1.795e+07/5e+07
window 1/1	pass 1/1	step 1.8e+07/5e+07
window 1/1	pass 1/1	step 1.805e+07/5e+07
window 1/1	pass 1/1	step 1.81e+07/5e+07
window 1/1	pass 1/1	step 1.815e+07/5e+07
window 1/1	pass 1/1	step 1.82e+07/5e+07
window 1/1	pass 1/1	step 1.825e+07/5e+07
window 1/1	pass 1/1	step 1.83e+07/5e+07
window 1/1	pass 1/1	step 1.835e+07/5e+07
window 1/1	pass 1/1	step 1.84e+07/5e+07
window 1/1	pass 1/1	step 1.845e+07/5e+07
window 1/1	pass 1/1	step 1.85e+07/5e+07
window 1/1	pass 1/1	step 1.855e+07/5e+07
window 1/1	pass 1/1	step 1.86e+07/5e+07
window 1/1	pass 1/1	step 1.865e+07/5e+07
window 1/1	pass 1/1	step 1.87e+07/5e+07
window 1/1	pass 1/1	step 1.875e+07/5e+07
window 1/1	pass 1/1	step 1.88e+07/5e+07
window 1/1	pass 1/1	step 1.885e+07/5e+07
window 1/1	pass 1/1	step 1.89e+07/5e+07
window 1/1	pass 1/1	step 1.895e+07/5e+07
window 1/1	pass 1/1	step 1.9e+07/5e+07
window 1/1	pass 1/1	step 1.905e+07/5e+07
window 1/1	pass 1/1	step 1.91e+07/5e+07
window 1/1	pass 1/1	step 1.915e+07/5e+07
window 1/1	pass 1/1	step 1.92e+07/5e+07
window 1/1	pass 1/1	step 1.925e+07/5e+07
window 1/1	pass 1/1	step 1.93e+07/5e+07
window 1/1	pass 1/1	step 1.935e+07/5e+07
window 1/1	pass 1/1	step 1.94e+07/5e+07
window 1/1	pass 1/1	step 1.945e+07/5e+07
window 1/1	pass 1/1	step 1.95e+07/5e+07
window 1/1	pass 1/1	step 1.955e+07/5e+07
window 1/1	pass 1/1	step 1.96e+07/5e+07
window 1/1	pass 1/1	step 1.965e+07/5e+07
window 1/1	pass 1/1	step 1.97e+07/5e+07
window 1/1	pass 1/1	step 1.975e+07/5e+07
window 1/1	pass 1/1	step 1.98e+07/5e+07
window 1/1	pass 1/1	step 1.985e+07/5e+07
window 1/1	pass 1/1	step 1.99e+07/5e+07
window 1/1	pass 1/1	step 1.995e+07/5e+07
window 1/1	pass 1/1	step 2e+07/5e+07
window 1/1	pass 1/1	step 2.005e+07/5e+07
window 1/1	pass 1/1	step 2.01e+07/5e+07
window 1/1	pass 1/1	step 2.015e+07/5e+07
window 1/1	pass 1/1	step 2.02e+07/5e+07
window 1/1	pass 1/1	step 2.025e+07/5e+07
window 1/1	pass 1/1	step 2.03e+07/5e+07
window 1/1	pass 1/1	step 2.035e+07/5e+07
window 1/1	pass 1/1	step 2.04e+07/5e+07
window 1/1	pass 1/1	step 2.045e+07/5e+07
window 1/1	pass 1/1	step 2.05e+07/5e+07
window 1/1	pass 1/1	step 2.055e+07/5e+07
window 1/1	pass 1/1	step 2.06e+07/5e+07
window 1/1	pass 1/1	step 2.065e+07/5e+07
window 1/1	pass 1/1	step 2.07e+07/5e+07
window 1/1	pass 1/1	step 2.075e+07/5e+07
window 1/1	pass 1/1	step 2.08e+07/5e+07
window 1/1	pass 1/1	step 2.085e+07/5e+07
window 1/1	pass 1/1	step 2.09e+07/5e+07
window 1/1	pass 1/1	step 2.095e+07/5e+07
window 1/1	pass 1/1	step 2.1e+07/5e+07
window 1/1	pass 1/1	step 2.105e+07/5e+07
window 1/1	pass 1/1	step 2.11e+07/5e+07
window 1/1	pass 1/1	step 2.115e+07/5e+07
window 1/1	pass 1/1	step 2.12e+07/5e+07
window 1/1	pass 1/1	step 2.125e+07/5e+07
window 1/1	pass 1/1	step 2.13e+07/5e+07
window 1/1	pass 1/1	step 2.135e+07/5e+07
window 1/1	pass 1/1	step 2.14e+07/5e+07
window 1/1	pass 1/1	step 2.145e+07/5e+07
window 1/1	pass 1/1	step 2.15e+07/5e+07
window 1/1	pass 1/1	step 2.155e+07/5e+07
window 1/1	pass 1/1	step 2.16e+07/5e+07
window 1/1	pass 1/1	step 2.165e+07/5e+07
window 1/1	pass 1/1	step 2.17e+07/5e+07
window 1/1	pass 1/1	step 2.175e+07/5e+07
window 1/1	pass 1/1	step 2.18e+07/5e+07
window 1/1	pass 1/1	step 2.185e+07/5e+07
window 1/1	pass 1/1	step 2.19e+07/5e+07
window 1/1	pass 1/1	step 2.195e+07/5e+07
window 1/1	pass 1/1	step 2.2e+07/5e+07
window 1/1	pass 1/1	step 2.205e+07/5e+07
window 1/1	pass 1/1	step 2.21e+07/5e+07
window 1/1	pass 1/1	step 2.215e+07/5e+07
window 1/1	pass 1/1	step 2.22e+07/5e+07
window 1/1	pass 1/1	step 2.225e+07/5e+07
window 1/1	pass 1/1	step 2.23e+07/5e+07
window 1/1	pass 1/1	step 2.235e+07/5e+07
window 1/1	pass 1/1	step 2.24e+07/5e+07
window 1/1	pass 1/1	step 2.245e+07/5e+07
window 1/1	pass 1/1	step 2.25e+07/5e+07
window 1/1	pass 1/1	step 2.255e+07/5e+07
window 1/1	pass 1/1	step 2.26e+07/5e+07
window 1/1	pass 1/1	step 2.265e+07/5e+07
window 1/1	pass 1/1	step 2.27e+07/5e+07
window 1/1	pass 1/1	step 2.275e+07/5e+07
window 1/1	pass 1/1	step 2.28e+07/5e+07
window 1/1	pass 1/1	step 2.285e+07/5e+07
window 1/1	pass 1/1	step 2.29e+07/5e+07
window 1/1	pass 1/1	step 2.295e+07/5e+07
window 1/1	pass 1/1	step 2.3e+07/5e+07
window 1/1	pass 1/1	step 2.305e+07/5e+07
window 1/1	pass 1/1	step 2.31e+07/5e+07
window 1/1	pass 1/1	step 2.315e+07/5e+07
window 1/1	pass 1/1	step 2.32e+07/5e+07
window 1/1	pass 1/1	step 2.325e+07/5e+07
window 1/1	pass 1/1	step 2.33e+07/5e+07
window 1/1	pass 1/1	step 2.335e+07/5e+07
window 1/1	pass 1/1	step 2.34e+07/5e+07
window 1/1	pass 1/1	step 2.345e+07/5e+07
window 1/1	pass 1/1	step 2.35e+07/5e+07
window 1/1	pass 1/1	step 2.355e+07/5e+07
window 1/1	pass 1/1	step 2.36e+07/5e+07
window 1/1	pass 1/1	step 2.365e+07/5e+07
window 1/1	pass 1/1	step 2.37e+07/5e+07
window 1/1	pass 1/1	step 2.375e+07/5e+07
window 1/1	pass 1/1	step 2.38e+07/5e+07
window 1/1	pass 1/1	step 2.385e+07/5e+07
window 1/1	pass 1/1	step 2.39e+07/5e+07
window 1/1	pass 1/1	step 2.395e+07/5e+07
window 1/1	pass 1/1	step 2.4e+07/5e+07
window 1/1	pass 1/1	step 2.405e+07/5e+07
window 1/1	pass 1/1	step 2.41e+07/5e+07
window 1/1	pass 1/1	step 2.415e+07/5e+07
window 1/1	pass 1/1	step 2.42e+07/5e+07
window 1/1	pass 1/1	step 2.425e+07/5e+07
window 1/1	pass 1/1	step 2.43e+07/5e+07
window 1/1	pass 1/1	step 2.435e+07/5e+07
window 1/1	pass 1/1	step 2.44e+07/5e+07
window 1/1	pass 1/1	step 2.445e+07/5e+07
window 1/1	pass 1/1	step 2.45e+07/5e+07
window 1/1	pass 1/1	step 2.455e+07/5e+07
window 1/1	pass 1/1	step 2.46e+07/5e+07
window 1/1	pass 1/1	step 2.465e+07/5e+07
window 1/1	pass 1/1	step 2.47e+07/5e+07
window 1/1	pass 1/1	step 2.475e+07/5e+07
window 1/1	pass 1/1	step 2.48e+07/5e+07
window 1/1	pass 1/1	step 2.485e+07/5e+07
window 1/1	pass 1/1	step 2.49e+07/5e+07
window 1/1	pass 1/1	step 2.495e+07/5e+07
window 1/1	pass 1/1	step 2.5e+07/5e+07
window 1/1	pass 1/1	step 2.505e+07/5e+07
window 1/1	pass 1/1	step 2.51e+07/5e+07
window 1/1	pass 1/1	step 2.515e+07/5e+07
window 1/1	pass 1/1	step 2.52e+07/5e+07
window 1/1	pass 1/1	step 2.525e+07/5e+07
window 1/1	pass 1/1	step 2.53e+07/5e+07
window 1/1	pass 1/1	step 2.535e+07/5e+07
window 1/1	pass 1/1	step 2.54e+07/5e+07
window 1/1	pass 1/1	step 2.545e+07/5e+07
window 1/1	pass 1/1	step 2.55e+07/5e+07
window 1/1	pass 1/1	step 2.555e+07/5e+07
window 1/1	pass 1/1	step 2.56e+07/5e+07
window 1/1	pass 1/1	step 2.565e+07/5e+07
window 1/1	pass 1/1	step 2.57e+07/5e+07
window 1/1	pass 1/1	step 2.575e+07/5e+07
window 1/1	pass 1/1	step 2.58e+07/5e+07
window 1/1	pass 1/1	step 2.585e+07/5e+07
window 1/1	pass 1/1	step 2.59e+07/5e+07
window 1/1	pass 1/1	step 2.595e+07/5e+07
window 1/1	pass 1/1	step 2.6e+07/5e+07
window 1/1	pass 1/1	step 2.605e+07/5e+07
window 1/1	pass 1/1	step 2.61e+07/5e+07
window 1/1	pass 1/1	step 2.615e+07/5e+07
window 1/1	pass 1/1	step 2.62e+07/5e+07
window 1/1	pass 1/1	step 2.625e+07/5e+07
window 1/1	pass 1/1	step 2.63e+07/5e+07
window 1/1	pass 1/1	step 2.635e+07/5e+07
window 1/1	pass 1/1	step 2.64e+07/5e+07
window 1/1	pass 1/1	step 2.645e+07/5e+07
window 1/1	pass 1/1	step 2.65e+07/5e+07
window 1/1	pass 1/1	step 2.655e+07/5e+07
window 1/1	pass 1/1	step 2.66e+07/5e+07
window 1/1	pass 1/1	step 2.665e+07/5e+07
window 1/1	pass 1/1	step 2.67e+07/5e+07
window 1/1	pass 1/1	step 2.675e+07/5e+07
window 1/1	pass 1/1	step 2.68e+07/5e+07
window 1/1	pass 1/1	step 2.685e+07/5e+07
window 1/1	pass 1/1	step 2.69e+07/5e+07
window 1/1	pass 1/1	step 2.695e+07/5e+07
window 1/1	pass 1/1	step 2.7e+07/5e+07
window 1/1	pass 1/1	step 2.705e+07/5e+07
window 1/1	pass 1/1	step 2.71e+07/5e+07
window 1/1	pass 1/1	step 2.715e+07/5e+07
window 1/1	pass 1/1	step 2.72e+07/5e+07
window 1/1	pass 1/1	step 2.725e+07/5e+07
window 1/1	pass 1/1	step 2.73e+07/5e+07
window 1/1	pass 1/1	step 2.735e+07/5e+07
window 1/1	pass 1/1	step 2.74e+07/5e+07
window 1/1	pass 1/1	step 2.745e+07/5e+07
window 1/1	pass 1/1	step 2.75e+07/5e+07
window 1/1	pass 1/1	step 2.755e+07/5e+07
window 1/1	pass 1/1	step 2.76e+07/5e+07
window 1/1	pass 1/1	step 2.765e+07/5e+07
window 1/1	pass 1/1	step 2.77e+07/5e+07
window 1/1	pass 1/1	step 2.775e+07/5e+07
window 1/1	pass 1/1	step 2.78e+07/5e+07
window 1/1	pass 1/1	step 2.785e+07/5e+07
window 1/1	pass 1/1	step 2.79e+07/5e+07
window 1/1	pass 1/1	step 2.795e+07/5e+07
window 1/1	pass 1/1	step 2.8e+07/5e+07
window 1/1	pass 1/1	step 2.805e+07/5e+07
window 1/1	pass 1/1	step 2.81e+07/5e+07
window 1/1	pass 1/1	step 2.815e+07/5e+07
window 1/1	pass 1/1	step 2.82e+07/5e+07
window 1/1	pass 1/1	step 2.825e+07/5e+07
window 1/1	pass 1/1	step 2.83e+07/5e+07
window 1/1	pass 1/1	step 2.835e+07/5e+07
window 1/1	pass 1/1	step 2.84e+07/5e+07
window 1/1	pass 1/1	step 2.845e+07/5e+07
window 1/1	pass 1/1	step 2.85e+07/5e+07
window 1/1	pass 1/1	step 2.855e+07/5e+07
window 1/1	pass 1/1	step 2.86e+07/5e+07
window 1/1	pass 1/1	step 2.865e+07/5e+07
window 1/1	pass 1/1	step 2.87e+07/5e+07
window 1/1	pass 1/1	step 2.875e+07/5e+07
window 1/1	pass 1/1	step 2.88e+07/5e+07
window 1/1	pass 1/1	step 2.885e+07/5e+07
window 1/1	pass 1/1	step 2.89e+07/5e+07
window 1/1	pass 1/1	step 2.895e+07/5e+07
window 1/1	pass 1/1	step 2.9e+07/5e+07
window 1/1	pass 1/1	step 2.905e+07/5e+07
window 1/1	pass 1/1	step 2.91e+07/5e+07
window 1/1	pass 1/1	step 2.915e+07/5e+07
window 1/1	pass 1/1	step 2.92e+07/5e+07
window 1/1	pass 1/1	step 2.925e+07/5e+07
window 1/1	pass 1/1	step 2.93e+07/5e+07
window 1/1	pass 1/1	step 2.935e+07/5e+07
window 1/1	pass 1/1	step 2.94e+07/5e+07
window 1/1	pass 1/1	step 2.945e+07/5e+07
window 1/1	pass 1/1	step 2.95e+07/5e+07
window 1/1	pass 1/1	step 2.955e+07/5e+07
window 1/1	pass 1/1	step 2.96e+07/5e+07
window 1/1	pass 1/1	step 2.965e+07/5e+07
window 1/1	pass 1/1	step 2.97e+07/5e+07
window 1/1	pass 1/1	step 2.975e+07/5e+07
window 1/1	pass 1/1	step 2.98e+07/5e+07
window 1/1	pass 1/1	step 2.985e+07/5e+07
window 1/1	pass 1/1	step 2.99e+07/5e+07
window 1/1	pass 1/1	step 2.995e+07/5e+07
window 1/1	pass 1/1	step 3e+07/5e+07
window 1/1	pass 1/1	step 3.005e+07/5e+07
window 1/1	pass 1/1	step 3.01e+07/5e+07
window 1/1	pass 1/1	step 3.015e+07/5e+07
window 1/1	pass 1/1	step 3.02e+07/5e+07
window 1/1	pass 1/1	step 3.025e+07/5e+07
window 1/1	pass 1/1	step 3.03e+07/5e+07
window 1/1	pass 1/1	step 3.035e+07/5e+07
window 1/1	pass 1/1	step 3.04e+07/5e+07
window 1/1	pass 1/1	step 3.045e+07/5e+07
window 1/1	pass 1/1	step 3.05e+07/5e+07
window 1/1	pass 1/1	step 3.055e+07/5e+07
window 1/1	pass 1/1	step 3.06e+07/5e+07
window 1/1	pass 1/1	step 3.065e+07/5e+07
window 1/1	pass 1/1	step 3.07e+07/5e+07
window 1/1	pass 1/1	step 3.075e+07/5e+07
window 1/1	pass 1/1	step 3.08e+07/5e+07
window 1/1	pass 1/1	step 3.085e+07/5e+07
window 1/1	pass 1/1	step 3.09e+07/5e+07
window 1/1	pass 1/1	step 3.095e+07/5e+07
window 1/1	pass 1/1	step 3.1e+07/5e+07
window 1/1	pass 1/1	step 3.105e+07/5e+07
window 1/1	pass 1/1	step 3.11e+07/5e+07
window 1/1	pass 1/1	step 3.115e+07/5e+07
window 1/1	pass 1/1	step 3.12e+07/5e+07
window 1/1	pass 1/1	step 3.125e+07/5e+07
window 1/1	pass 1/1	step 3.13e+07/5e+07
window 1/1	pass 1/1	step 3.135e+07/5e+07
window 1/1	pass 1/1	step 3.14e+07/5e+07
window 1/1	pass 1/1	step 3.145e+07/5e+07
window 1/1	pass 1/1	step 3.15e+07/5e+07
window 1/1	pass 1/1	step 3.155e+07/5e+07
window 1/1	pass 1/1	step 3.16e+07/5e+07
window 1/1	pass 1/1	step 3.165e+07/5e+07
window 1/1	pass 1/1	step 3.17e+07/5e+07
window 1/1	pass 1/1	step 3.175e+07/5e+07
window 1/1	pass 1/1	step 3.18e+07/5e+07
window 1/1	pass 1/1	step 3.185e+07/5e+07
window 1/1	pass 1/1	step 3.19e+07/5e+07
window 1/1	pass 1/1	step 3.195e+07/5e+07
window 1/1	pass 1/1	step 3.2e+07/5e+07
window 1/1	pass 1/1	step 3.205e+07/5e+07
window 1/1	pass 1/1	step 3.21e+07/5e+07
window 1/1	pass 1/1	step 3.215e+07/5e+07
window 1/1	pass 1/1	step 3.22e+07/5e+07
window 1/1	pass 1/1	step 3.225e+07/5e+07
window 1/1	pass 1/1	step 3.23e+07/5e+07
window 1/1	pass 1/1	step 3.235e+07/5e+07
window 1/1	pass 1/1	step 3.24e+07/5e+07
window 1/1	pass 1/1	step 3.245e+07/5e+07
window 1/1	pass 1/1	step 3.25e+07/5e+07
window 1/1	pass 1/1	step 3.255e+07/5e+07
window 1/1	pass 1/1	step 3.26e+07/5e+07
window 1/1	pass 1/1	step 3.265e+07/5e+07
window 1/1	pass 1/1	step 3.27e+07/5e+07
window 1/1	pass 1/1	step 3.275e+07/5e+07
window 1/1	pass 1/1	step 3.28e+07/5e+07
window 1/1	pass 1/1	step 3.285e+07/5e+07
window 1/1	pass 1/1	step 3.29e+07/5e+07
window 1/1	pass 1/1	step 3.295e+07/5e+07
window 1/1	pass 1/1	step 3.3e+07/5e+07
window 1/1	pass 1/1	step 3.305e+07/5e+07
window 1/1	pass 1/1	step 3.31e+07/5e+07
window 1/1	pass 1/1	step 3.315e+07/5e+07
window 1/1	pass 1/1	step 3.32e+07/5e+07
window 1/1	pass 1/1	step 3.325e+07/5e+07
window 1/1	pass 1/1	step 3.33e+07/5e+07
window 1/1	pass 1/1	step 3.335e+07/5e+07
window 1/1	pass 1/1	step 3.34e+07/5e+07
window 1/1	pass 1/1	step 3.345e+07/5e+07
window 1/1	pass 1/1	step 3.35e+07/5e+07
window 1/1	pass 1/1	step 3.355e+07/5e+07
window 1/1	pass 1/1	step 3.36e+07/5e+07
window 1/1	pass 1/1	step 3.365e+07/5e+07
window 1/1	pass 1/1	step 3.37e+07/5e+07
window 1/1	pass 1/1	step 3.375e+07/5e+07
window 1/1	pass 1/1	step 3.38e+07/5e+07
window 1/1	pass 1/1	step 3.385e+07/5e+07
window 1/1	pass 1/1	step 3.39e+07/5e+07
window 1/1	pass 1/1	step 3.395e+07/5e+07
window 1/1	pass 1/1	step 3.4e+07/5e+07
window 1/1	pass 1/1	step 3.405e+07/5e+07
window 1/1	pass 1/1	step 3.41e+07/5e+07
window 1/1	pass 1/1	step 3.415e+07/5e+07
window 1/1	pass 1/1	step 3.42e+07/5e+07
window 1/1	pass 1/1	step 3.425e+07/5e+07
window 1/1	pass 1/1	step 3.43e+07/5e+07
window 1/1	pass 1/1	step 3.435e+07/5e+07
window 1/1	pass 1/1	step 3.44e+07/5e+07
window 1/1	pass 1/1	step 3.445e+07/5e+07
window 1/1	pass 1/1	step 3.45e+07/5e+07
window 1/1	pass 1/1	step 3.455e+07/5e+07
window 1/1	pass 1/1	step 3.46e+07/5e+07
window 1/1	pass 1/1	step 3.465e+07/5e+07
window 1/1	pass 1/1	step 3.47e+07/5e+07
window 1/1	pass 1/1	step 3.475e+07/5e+07
window 1/1	pass 1/1	step 3.48e+07/5e+07
window 1/1	pass 1/1	step 3.485e+07/5e+07
window 1/1	pass 1/1	step 3.49e+07/5e+07
window 1/1	pass 1/1	step 3.495e+07/5e+07
window 1/1	pass 1/1	step 3.5e+07/5e+07
window 1/1	pass 1/1	step 3.505e+07/5e+07
window 1/1	pass 1/1	step 3.51e+07/5e+07
window 1/1	pass 1/1	step 3.515e+07/5e+07
window 1/1	pass 1/1	step 3.52e+07/5e+07
window 1/1	pass 1/1	step 3.525e+07/5e+07
window 1/1	pass 1/1	step 3.53e+07/5e+07
window 1/1	pass 1/1	step 3.535e+07/5e+07
window 1/1	pass 1/1	step 3.54e+07/5e+07
window 1/1	pass 1/1	step 3.545e+07/5e+07
window 1/1	pass 1/1	step 3.55e+07/5e+07
window 1/1	pass 1/1	step 3.555e+07/5e+07
window 1/1	pass 1/1	step 3.56e+07/5e+07
window 1/1	pass 1/1	step 3.565e+07/5e+07
window 1/1	pass 1/1	step 3.57e+07/5e+07
window 1/1	pass 1/1	step 3.575e+07/5e+07
window 1/1	pass 1/1	step 3.58e+07/5e+07
window 1/1	pass 1/1	step 3.585e+07/5e+07
window 1/1	pass 1/1	step 3.59e+07/5e+07
window 1/1	pass 1/1	step 3.595e+07/5e+07
window 1/1	pass 1/1	step 3.6e+07/5e+07
window 1/1	pass 1/1	step 3.605e+07/5e+07
window 1/1	pass 1/1	step 3.61e+07/5e+07
window 1/1	pass 1/1	step 3.615e+07/5e+07
window 1/1	pass 1/1	step 3.62e+07/5e+07
window 1/1	pass 1/1	step 3.625e+07/5e+07
window 1/1	pass 1/1	step 3.63e+07/5e+07
window 1/1	pass 1/1	step 3.635e+07/5e+07
window 1/1	pass 1/1	step 3.64e+07/5e+07
window 1/1	pass 1/1	step 3.645e+07/5e+07
window 1/1	pass 1/1	step 3.65e+07/5e+07
window 1/1	pass 1/1	step 3.655e+07/5e+07
window 1/1	pass 1/1	step 3.66e+07/5e+07
window 1/1	pass 1/1	step 3.665e+07/5e+07
window 1/1	pass 1/1	step 3.67e+07/5e+07
window 1/1	pass 1/1	step 3.675e+07/5e+07
window 1/1	pass 1/1	step 3.68e+07/5e+07
window 1/1	pass 1/1	step 3.685e+07/5e+07
window 1/1	pass 1/1	step 3.69e+07/5e+07
window 1/1	pass 1/1	step 3.695e+07/5e+07
window 1/1	pass 1/1	step 3.7e+07/5e+07
window 1/1	pass 1/1	step 3.705e+07/5e+07
window 1/1	pass 1/1	step 3.71e+07/5e+07
window 1/1	pass 1/1	step 3.715e+07/5e+07
window 1/1	pass 1/1	step 3.72e+07/5e+07
window 1/1	pass 1/1	step 3.725e+07/5e+07
window 1/1	pass 1/1	step 3.73e+07/5e+07
window 1/1	pass 1/1	step 3.735e+07/5e+07
window 1/1	pass 1/1	step 3.74e+07/5e+07
window 1/1	pass 1/1	step 3.745e+07/5e+07
window 1/1	pass 1/1	step 3.75e+07/5e+07
window 1/1	pass 1/1	step 3.755e+07/5e+07
window 1/1	pass 1/1	step 3.76e+07/5e+07
window 1/1	pass 1/1	step 3.765e+07/5e+07
window 1/1	pass 1/1	step 3.77e+07/5e+07
window 1/1	pass 1/1	step 3.775e+07/5e+07
window 1/1	pass 1/1	step 3.78e+07/5e+07
window 1/1	pass 1/1	step 3.785e+07/5e+07
window 1/1	pass 1/1	step 3.79e+07/5e+07
window 1/1	pass 1/1	step 3.795e+07/5e+07
window 1/1	pass 1/1	step 3.8e+07/5e+07
window 1/1	pass 1/1	step 3.805e+07/5e+07
window 1/1	pass 1/1	step 3.81e+07/5e+07
window 1/1	pass 1/1	step 3.815e+07/5e+07
window 1/1	pass 1/1	step 3.82e+07/5e+07
window 1/1	pass 1/1	step 3.825e+07/5e+07
window 1/1	pass 1/1	step 3.83e+07/5e+07
window 1/1	pass 1/1	step 3.835e+07/5e+07
window 1/1	pass 1/1	step 3.84e+07/5e+07
window 1/1	pass 1/1	step 3.845e+07/5e+07
window 1/1	pass 1/1	step 3.85e+07/5e+07
window 1/1	pass 1/1	step 3.855e+07/5e+07
window 1/1	pass 1/1	step 3.86e+07/5e+07
window 1/1	pass 1/1	step 3.865e+07/5e+07
window 1/1	pass 1/1	step 3.87e+07/5e+07
window 1/1	pass 1/1	step 3.875e+07/5e+07
window 1/1	pass 1/1	step 3.88e+07/5e+07
window 1/1	pass 1/1	step 3.885e+07/5e+07
window 1/1	pass 1/1	step 3.89e+07/5e+07
window 1/1	pass 1/1	step 3.895e+07/5e+07
window 1/1	pass 1/1	step 3.9e+07/5e+07
window 1/1	pass 1/1	step 3.905e+07/5e+07
window 1/1	pass 1/1	step 3.91e+07/5e+07
window 1/1	pass 1/1	step 3.915e+07/5e+07
window 1/1	pass 1/1	step 3.92e+07/5e+07
window 1/1	pass 1/1	step 3.925e+07/5e+07
window 1/1	pass 1/1	step 3.93e+07/5e+07
window 1/1	pass 1/1	step 3.935e+07/5e+07
window 1/1	pass 1/1	step 3.94e+07/5e+07
window 1/1	pass 1/1	step 3.945e+07/5e+07
window 1/1	pass 1/1	step 3.95e+07/5e+07
window 1/1	pass 1/1	step 3.955e+07/5e+07
window 1/1	pass 1/1	step 3.96e+07/5e+07
window 1/1	pass 1/1	step 3.965e+07/5e+07
window 1/1	pass 1/1	step 3.97e+07/5e+07
window 1/1	pass 1/1	step 3.975e+07/5e+07
window 1/1	pass 1/1	step 3.98e+07/5e+07
window 1/1	pass 1/1	step 3.985e+07/5e+07
window 1/1	pass 1/1	step 3.99e+07/5e+07
window 1/1	pass 1/1	step 3.995e+07/5e+07
window 1/1	pass 1/1	step 4e+07/5e+07
window 1/1	pass 1/1	step 4.005e+07/5e+07
window 1/1	pass 1/1	step 4.01e+07/5e+07
window 1/1	pass 1/1	step 4.015e+07/5e+07
window 1/1	pass 1/1	step 4.02e+07/5e+07
window 1/1	pass 1/1	step 4.025e+07/5e+07
window 1/1	pass 1/1	step 4.03e+07/5e+07
window 1/1	pass 1/1	step 4.035e+07/5e+07
window 1/1	pass 1/1	step 4.04e+07/5e+07
window 1/1	pass 1/1	step 4.045e+07/5e+07
window 1/1	pass 1/1	step 4.05e+07/5e+07
window 1/1	pass 1/1	step 4.055e+07/5e+07
window 1/1	pass 1/1	step 4.06e+07/5e+07
window 1/1	pass 1/1	step 4.065e+07/5e+07
window 1/1	pass 1/1	step 4.07e+07/5e+07
window 1/1	pass 1/1	step 4.075e+07/5e+07
window 1/1	pass 1/1	step 4.08e+07/5e+07
window 1/1	pass 1/1	step 4.085e+07/5e+07
window 1/1	pass 1/1	step 4.09e+07/5e+07
window 1/1	pass 1/1	step 4.095e+07/5e+07
window 1/1	pass 1/1	step 4.1e+07/5e+07
window 1/1	pass 1/1	step 4.105e+07/5e+07
window 1/1	pass 1/1	step 4.11e+07/5e+07
window 1/1	pass 1/1	step 4.115e+07/5e+07
window 1/1	pass 1/1	step 4.12e+07/5e+07
window 1/1	pass 1/1	step 4.125e+07/5e+07
window 1/1	pass 1/1	step 4.13e+07/5e+07
window 1/1	pass 1/1	step 4.135e+07/5e+07
window 1/1	pass 1/1	step 4.14e+07/5e+07
window 1/1	pass 1/1	step 4.145e+07/5e+07
window 1/1	pass 1/1	step 4.15e+07/5e+07
window 1/1	pass 1/1	step 4.155e+07/5e+07
window 1/1	pass 1/1	step 4.16e+07/5e+07
window 1/1	pass 1/1	step 4.165e+07/5e+07
window 1/1	pass 1/1	step 4.17e+07/5e+07
window 1/1	pass 1/1	step 4.175e+07/5e+07
window 1/1	pass 1/1	step 4.18e+07/5e+07
window 1/1	pass 1/1	step 4.185e+07/5e+07
window 1/1	pass 1/1	step 4.19e+07/5e+07
window 1/1	pass 1/1	step 4.195e+07/5e+07
window 1/1	pass 1/1	step 4.2e+07/5e+07
window 1/1	pass 1/1	step 4.205e+07/5e+07
window 1/1	pass 1/1	step 4.21e+07/5e+07
window 1/1	pass 1/1	step 4.215e+07/5e+07
window 1/1	pass 1/1	step 4.22e+07/5e+07
window 1/1	pass 1/1	step 4.225e+07/5e+07
window 1/1	pass 1/1	step 4.23e+07/5e+07
window 1/1	pass 1/1	step 4.235e+07/5e+07
window 1/1	pass 1/1	step 4.24e+07/5e+07
window 1/1	pass 1/1	step 4.245e+07/5e+07
window 1/1	pass 1/1	step 4.25e+07/5e+07
window 1/1	pass 1/1	step 4.255e+07/5e+07
window 1/1	pass 1/1	step 4.26e+07/5e+07
window 1/1	pass 1/1	step 4.265e+07/5e+07
window 1/1	pass 1/1	step 4.27e+07/5e+07
window 1/1	pass 1/1	step 4.275e+07/5e+07
window 1/1	pass 1/1	step 4.28e+07/5e+07
window 1/1	pass 1/1	step 4.285e+07/5e+07
window 1/1	pass 1/1	step 4.29e+07/5e+07
window 1/1	pass 1/1	step 4.295e+07/5e+07
window 1/1	pass 1/1	step 4.3e+07/5e+07
window 1/1	pass 1/1	step 4.305e+07/5e+07
window 1/1	pass 1/1	step 4.31e+07/5e+07
window 1/1	pass 1/1	step 4.315e+07/5e+07
window 1/1	pass 1/1	step 4.32e+07/5e+07
window 1/1	pass 1/1	step 4.325e+07/5e+07
window 1/1	pass 1/1	step 4.33e+07/5e+07
window 1/1	pass 1/1	step 4.335e+07/5e+07
window 1/1	pass 1/1	step 4.34e+07/5e+07
window 1/1	pass 1/1	step 4.345e+07/5e+07
window 1/1	pass 1/1	step 4.35e+07/5e+07
window 1/1	pass 1/1	step 4.355e+07/5e+07
window 1/1	pass 1/1	step 4.36e+07/5e+07
window 1/1	pass 1/1	step 4.365e+07/5e+07
window 1/1	pass 1/1	step 4.37e+07/5e+07
window 1/1	pass 1/1	step 4.375e+07/5e+07
window 1/1	pass 1/1	step 4.38e+07/5e+07
window 1/1	pass 1/1	step 4.385e+07/5e+07
window 1/1	pass 1/1	step 4.39e+07/5e+07
window 1/1	pass 1/1	step 4.395e+07/5e+07
window 1/1	pass 1/1	step 4.4e+07/5e+07
window 1/1	pass 1/1	step 4.405e+07/5e+07
window 1/1	pass 1/1	step 4.41e+07/5e+07
window 1/1	pass 1/1	step 4.415e+07/5e+07
window 1/1	pass 1/1	step 4.42e+07/5e+07
window 1/1	pass 1/1	step 4.425e+07/5e+07
window 1/1	pass 1/1	step 4.43e+07/5e+07
window 1/1	pass 1/1	step 4.435e+07/5e+07
window 1/1	pass 1/1	step 4.44e+07/5e+07
window 1/1	pass 1/1	step 4.445e+07/5e+07
window 1/1	pass 1/1	step 4.45e+07/5e+07
window 1/1	pass 1/1	step 4.455e+07/5e+07
window 1/1	pass 1/1	step 4.46e+07/5e+07
window 1/1	pass 1/1	step 4.465e+07/5e+07
window 1/1	pass 1/1	step 4.47e+07/5e+07
window 1/1	pass 1/1	step 4.475e+07/5e+07
window 1/1	pass 1/1	step 4.48e+07/5e+07
window 1/1	pass 1/1	step 4.485e+07/5e+07
window 1/1	pass 1/1	step 4.49e+07/5e+07
window 1/1	pass 1/1	step 4.495e+07/5e+07
window 1/1	pass 1/1	step 4.5e+07/5e+07
window 1/1	pass 1/1	step 4.505e+07/5e+07
window 1/1	pass 1/1	step 4.51e+07/5e+07
window 1/1	pass 1/1	step 4.515e+07/5e+07
window 1/1	pass 1/1	step 4.52e+07/5e+07
window 1/1	pass 1/1	step 4.525e+07/5e+07
window 1/1	pass 1/1	step 4.53e+07/5e+07
window 1/1	pass 1/1	step 4.535e+07/5e+07
window 1/1	pass 1/1	step 4.54e+07/5e+07
window 1/1	pass 1/1	step 4.545e+07/5e+07
window 1/1	pass 1/1	step 4.55e+07/5e+07
window 1/1	pass 1/1	step 4.555e+07/5e+07
window 1/1	pass 1/1	step 4.56e+07/5e+07
window 1/1	pass 1/1	step 4.565e+07/5e+07
window 1/1	pass 1/1	step 4.57e+07/5e+07
window 1/1	pass 1/1	step 4.575e+07/5e+07
window 1/1	pass 1/1	step 4.58e+07/5e+07
window 1/1	pass 1/1	step 4.585e+07/5e+07
window 1/1	pass 1/1	step 4.59e+07/5e+07
window 1/1	pass 1/1	step 4.595e+07/5e+07
window 1/1	pass 1/1	step 4.6e+07/5e+07
window 1/1	pass 1/1	step 4.605e+07/5e+07
window 1/1	pass 1/1	step 4.61e+07/5e+07
window 1/1	pass 1/1	step 4.615e+07/5e+07
window 1/1	pass 1/1	step 4.62e+07/5e+07
window 1/1	pass 1/1	step 4.625e+07/5e+07
window 1/1	pass 1/1	step 4.63e+07/5e+07
window 1/1	pass 1/1	step 4.635e+07/5e+07
window 1/1	pass 1/1	step 4.64e+07/5e+07
window 1/1	pass 1/1	step 4.645e+07/5e+07
window 1/1	pass 1/1	step 4.65e+07/5e+07
window 1/1	pass 1/1	step 4.655e+07/5e+07
window 1/1	pass 1/1	step 4.66e+07/5e+07
window 1/1	pass 1/1	step 4.665e+07/5e+07
window 1/1	pass 1/1	step 4.67e+07/5e+07
window 1/1	pass 1/1	step 4.675e+07/5e+07
window 1/1	pass 1/1	step 4.68e+07/5e+07
window 1/1	pass 1/1	step 4.685e+07/5e+07
window 1/1	pass 1/1	step 4.69e+07/5e+07
window 1/1	pass 1/1	step 4.695e+07/5e+07
window 1/1	pass 1/1	step 4.7e+07/5e+07
window 1/1	pass 1/1	step 4.705e+07/5e+07
window 1/1	pass 1/1	step 4.71e+07/5e+07
window 1/1	pass 1/1	step 4.715e+07/5e+07
window 1/1	pass 1/1	step 4.72e+07/5e+07
window 1/1	pass 1/1	step 4.725e+07/5e+07
window 1/1	pass 1/1	step 4.73e+07/5e+07
window 1/1	pass 1/1	step 4.735e+07/5e+07
window 1/1	pass 1/1	step 4.74e+07/5e+07
window 1/1	pass 1/1	step 4.745e+07/5e+07
window 1/1	pass 1/1	step 4.75e+07/5e+07
window 1/1	pass 1/1	step 4.755e+07/5e+07
window 1/1	pass 1/1	step 4.76e+07/5e+07
window 1/1	pass 1/1	step 4.765e+07/5e+07
window 1/1	pass 1/1	step 4.77e+07/5e+07
window 1/1	pass 1/1	step 4.775e+07/5e+07
window 1/1	pass 1/1	step 4.78e+07/5e+07
window 1/1	pass 1/1	step 4.785e+07/5e+07
window 1/1	pass 1/1	step 4.79e+07/5e+07
window 1/1	pass 1/1	step 4.795e+07/5e+07
window 1/1	pass 1/1	step 4.8e+07/5e+07
window 1/1	pass 1/1	step 4.805e+07/5e+07
window 1/1	pass 1/1	step 4.81e+07/5e+07
window 1/1	pass 1/1	step 4.815e+07/5e+07
window 1/1	pass 1/1	step 4.82e+07/5e+07
window 1/1	pass 1/1	step 4.825e+07/5e+07
window 1/1	pass 1/1	step 4.83e+07/5e+07
window 1/1	pass 1/1	step 4.835e+07/5e+07
window 1/1	pass 1/1	step 4.84e+07/5e+07
window 1/1	pass 1/1	step 4.845e+07/5e+07
window 1/1	pass 1/1	step 4.85e+07/5e+07
window 1/1	pass 1/1	step 4.855e+07/5e+07
window 1/1	pass 1/1	step 4.86e+07/5e+07
window 1/1	pass 1/1	step 4.865e+07/5e+07
window 1/1	pass 1/1	step 4.87e+07/5e+07
window 1/1	pass 1/1	step 4.875e+07/5e+07
window 1/1	pass 1/1	step 4.88e+07/5e+07
window 1/1	pass 1/1	step 4.885e+07/5e+07
window 1/1	pass 1/1	step 4.89e+07/5e+07
window 1/1	pass 1/1	step 4.895e+07/5e+07
window 1/1	pass 1/1	step 4.9e+07/5e+07
window 1/1	pass 1/1	step 4.905e+07/5e+07
window 1/1	pass 1/1	step 4.91e+07/5e+07
window 1/1	pass 1/1	step 4.915e+07/5e+07
window 1/1	pass 1/1	step 4.92e+07/5e+07
window 1/1	pass 1/1	step 4.925e+07/5e+07
window 1/1	pass 1/1	step 4.93e+07/5e+07
window 1/1	pass 1/1	step 4.935e+07/5e+07
window 1/1	pass 1/1	step 4.94e+07/5e+07
window 1/1	pass 1/1	step 4.945e+07/5e+07
window 1/1	pass 1/1	step 4.95e+07/5e+07
window 1/1	pass 1/1	step 4.955e+07/5e+07
window 1/1	pass 1/1	step 4.96e+07/5e+07
window 1/1	pass 1/1	step 4.965e+07/5e+07
window 1/1	pass 1/1	step 4.97e+07/5e+07
window 1/1	pass 1/1	step 4.975e+07/5e+07
window 1/1	pass 1/1	step 4.98e+07/5e+07
window 1/1	pass 1/1	step 4.985e+07/5e+07
window 1/1	pass 1/1	step 4.99e+07/5e+07
window 1/1	pass 1/1	step 4.995e+07/5e+07
Z = 0.992821 	 RP = 0.0501139 	 TP = 0.237366 	 RPTP = 0.00666839 28.7% steps accepted
running time: 60.47 minutes
