RP = 0 	 TP = 0 	 RPTP = 0 
step 0/2e+06
step 10000/2e+06
step 20000/2e+06
step 30000/2e+06
step 40000/2e+06
step 50000/2e+06
step 60000/2e+06
step 70000/2e+06
step 80000/2e+06
step 90000/2e+06
step 100000/2e+06
step 110000/2e+06
step 120000/2e+06
step 130000/2e+06
step 140000/2e+06
step 150000/2e+06
step 160000/2e+06
step 170000/2e+06
step 180000/2e+06
step 190000/2e+06
step 200000/2e+06
step 210000/2e+06
step 220000/2e+06
step 230000/2e+06
step 240000/2e+06
step 250000/2e+06
step 260000/2e+06
step 270000/2e+06
step 280000/2e+06
step 290000/2e+06
step 300000/2e+06
step 310000/2e+06
step 320000/2e+06
step 330000/2e+06
step 340000/2e+06
step 350000/2e+06
step 360000/2e+06
step 370000/2e+06
step 380000/2e+06
step 390000/2e+06
step 400000/2e+06
step 410000/2e+06
step 420000/2e+06
step 430000/2e+06
step 440000/2e+06
step 450000/2e+06
step 460000/2e+06
step 470000/2e+06
step 480000/2e+06
step 490000/2e+06
step 500000/2e+06
step 510000/2e+06
step 520000/2e+06
step 530000/2e+06
step 540000/2e+06
step 550000/2e+06
step 560000/2e+06
step 570000/2e+06
step 580000/2e+06
step 590000/2e+06
step 600000/2e+06
step 610000/2e+06
step 620000/2e+06
step 630000/2e+06
step 640000/2e+06
step 650000/2e+06
step 660000/2e+06
step 670000/2e+06
step 680000/2e+06
step 690000/2e+06
step 700000/2e+06
step 710000/2e+06
step 720000/2e+06
step 730000/2e+06
step 740000/2e+06
step 750000/2e+06
step 760000/2e+06
step 770000/2e+06
step 780000/2e+06
step 790000/2e+06
step 800000/2e+06
step 810000/2e+06
step 820000/2e+06
step 830000/2e+06
step 840000/2e+06
step 850000/2e+06
step 860000/2e+06
step 870000/2e+06
step 880000/2e+06
step 890000/2e+06
step 900000/2e+06
step 910000/2e+06
step 920000/2e+06
step 930000/2e+06
step 940000/2e+06
step 950000/2e+06
step 960000/2e+06
step 970000/2e+06
step 980000/2e+06
step 990000/2e+06
step 1e+06/2e+06
step 1.01e+06/2e+06
step 1.02e+06/2e+06
step 1.03e+06/2e+06
step 1.04e+06/2e+06
step 1.05e+06/2e+06
step 1.06e+06/2e+06
step 1.07e+06/2e+06
step 1.08e+06/2e+06
step 1.09e+06/2e+06
step 1.1e+06/2e+06
step 1.11e+06/2e+06
step 1.12e+06/2e+06
step 1.13e+06/2e+06
step 1.14e+06/2e+06
step 1.15e+06/2e+06
step 1.16e+06/2e+06
step 1.17e+06/2e+06
step 1.18e+06/2e+06
step 1.19e+06/2e+06
step 1.2e+06/2e+06
step 1.21e+06/2e+06
step 1.22e+06/2e+06
step 1.23e+06/2e+06
step 1.24e+06/2e+06
step 1.25e+06/2e+06
step 1.26e+06/2e+06
step 1.27e+06/2e+06
step 1.28e+06/2e+06
step 1.29e+06/2e+06
step 1.3e+06/2e+06
step 1.31e+06/2e+06
step 1.32e+06/2e+06
step 1.33e+06/2e+06
step 1.34e+06/2e+06
step 1.35e+06/2e+06
step 1.36e+06/2e+06
step 1.37e+06/2e+06
step 1.38e+06/2e+06
step 1.39e+06/2e+06
step 1.4e+06/2e+06
step 1.41e+06/2e+06
step 1.42e+06/2e+06
step 1.43e+06/2e+06
step 1.44e+06/2e+06
step 1.45e+06/2e+06
step 1.46e+06/2e+06
step 1.47e+06/2e+06
step 1.48e+06/2e+06
step 1.49e+06/2e+06
step 1.5e+06/2e+06
step 1.51e+06/2e+06
step 1.52e+06/2e+06
step 1.53e+06/2e+06
step 1.54e+06/2e+06
step 1.55e+06/2e+06
step 1.56e+06/2e+06
step 1.57e+06/2e+06
step 1.58e+06/2e+06
step 1.59e+06/2e+06
step 1.6e+06/2e+06
step 1.61e+06/2e+06
step 1.62e+06/2e+06
step 1.63e+06/2e+06
step 1.64e+06/2e+06
step 1.65e+06/2e+06
step 1.66e+06/2e+06
step 1.67e+06/2e+06
step 1.68e+06/2e+06
step 1.69e+06/2e+06
step 1.7e+06/2e+06
step 1.71e+06/2e+06
step 1.72e+06/2e+06
step 1.73e+06/2e+06
step 1.74e+06/2e+06
step 1.75e+06/2e+06
step 1.76e+06/2e+06
step 1.77e+06/2e+06
step 1.78e+06/2e+06
step 1.79e+06/2e+06
step 1.8e+06/2e+06
step 1.81e+06/2e+06
step 1.82e+06/2e+06
step 1.83e+06/2e+06
step 1.84e+06/2e+06
step 1.85e+06/2e+06
step 1.86e+06/2e+06
step 1.87e+06/2e+06
step 1.88e+06/2e+06
step 1.89e+06/2e+06
step 1.9e+06/2e+06
step 1.91e+06/2e+06
step 1.92e+06/2e+06
step 1.93e+06/2e+06
step 1.94e+06/2e+06
step 1.95e+06/2e+06
step 1.96e+06/2e+06
step 1.97e+06/2e+06
step 1.98e+06/2e+06
step 1.99e+06/2e+06
Z = 0.999377 	 RP = 3.55988e-18 	 TP = 0 	 RPTP = 0 29.87% steps accepted
running time: 11.30 minutes
