==24935== Memcheck, a memory error detector
==24935== Copyright (C) 2002-2013, and GNU GPL'd, by Julian Seward et al.
==24935== Using Valgrind-3.10.0.SVN and LibVEX; rerun with -h for copyright info
==24935== Command: ./wlc
==24935== 
--24935-- Valgrind options:
--24935--    --leak-check=full
--24935--    --show-leak-kinds=all
--24935--    --leak-check=yes
--24935--    -v
--24935-- Contents of /proc/version:
--24935--   Linux version 3.16.0-49-generic (buildd@lgw01-52) (gcc version 4.8.2 (Ubuntu 4.8.2-19ubuntu1) ) #65~14.04.1-Ubuntu SMP Wed Sep 9 10:03:23 UTC 2015
--24935-- Arch and hwcaps: AMD64, amd64-cx16-lzcnt-rdtscp-sse3-avx-avx2-bmi
--24935-- Page sizes: currently 4096, max supported 4096
--24935-- Valgrind library directory: /usr/lib/valgrind
--24935-- Reading syms from /home/paul/github/WLC/ss_new_moveset/wlc
--24935-- Reading syms from /lib/x86_64-linux-gnu/ld-2.19.so
--24935--   Considering /lib/x86_64-linux-gnu/ld-2.19.so ..
--24935--   .. CRC mismatch (computed 4cbae35e wanted 8d683c31)
--24935--   Considering /usr/lib/debug/lib/x86_64-linux-gnu/ld-2.19.so ..
--24935--   .. CRC is valid
--24935-- Reading syms from /usr/lib/valgrind/memcheck-amd64-linux
--24935--   Considering /usr/lib/valgrind/memcheck-amd64-linux ..
--24935--   .. CRC mismatch (computed 37cdde19 wanted adc367dd)
--24935--    object doesn't have a symbol table
--24935--    object doesn't have a dynamic symbol table
--24935-- Scheduler: using generic scheduler lock implementation.
--24935-- Reading suppressions file: /usr/lib/valgrind/default.supp
==24935== embedded gdbserver: reading from /tmp/vgdb-pipe-from-vgdb-to-24935-by-paul-on-???
==24935== embedded gdbserver: writing to   /tmp/vgdb-pipe-to-vgdb-from-24935-by-paul-on-???
==24935== embedded gdbserver: shared mem   /tmp/vgdb-pipe-shared-mem-vgdb-24935-by-paul-on-???
==24935== 
==24935== TO CONTROL THIS PROCESS USING vgdb (which you probably
==24935== don't want to do, unless you know exactly what you're doing,
==24935== or are doing some strange experiment):
==24935==   /usr/lib/valgrind/../../bin/vgdb --pid=24935 ...command...
==24935== 
==24935== TO DEBUG THIS PROCESS USING GDB: start GDB like this
==24935==   /path/to/gdb ./wlc
==24935== and then give GDB the following command
==24935==   target remote | /usr/lib/valgrind/../../bin/vgdb --pid=24935
==24935== --pid is optional if only one valgrind process is running
==24935== 
--24935-- REDIR: 0x4019ca0 (strlen) redirected to 0x38068331 (???)
--24935-- Reading syms from /usr/lib/valgrind/vgpreload_core-amd64-linux.so
--24935--   Considering /usr/lib/valgrind/vgpreload_core-amd64-linux.so ..
--24935--   .. CRC mismatch (computed 329d6860 wanted c0186920)
--24935--    object doesn't have a symbol table
--24935-- Reading syms from /usr/lib/valgrind/vgpreload_memcheck-amd64-linux.so
--24935--   Considering /usr/lib/valgrind/vgpreload_memcheck-amd64-linux.so ..
--24935--   .. CRC mismatch (computed 1fb85af8 wanted 2e9e3c16)
--24935--    object doesn't have a symbol table
==24935== WARNING: new redirection conflicts with existing -- ignoring it
--24935--     old: 0x04019ca0 (strlen              ) R-> (0000.0) 0x38068331 ???
--24935--     new: 0x04019ca0 (strlen              ) R-> (2007.0) 0x04c2e1a0 strlen
--24935-- REDIR: 0x4019a50 (index) redirected to 0x4c2dd50 (index)
--24935-- REDIR: 0x4019c70 (strcmp) redirected to 0x4c2f2f0 (strcmp)
--24935-- REDIR: 0x401a9c0 (mempcpy) redirected to 0x4c31da0 (mempcpy)
--24935-- Reading syms from /usr/lib/x86_64-linux-gnu/libstdc++.so.6.0.19
--24935--   Considering /usr/lib/x86_64-linux-gnu/libstdc++.so.6.0.19 ..
--24935--   .. CRC mismatch (computed 0df13638 wanted 88e81a42)
--24935--    object doesn't have a symbol table
--24935-- Reading syms from /lib/x86_64-linux-gnu/libm-2.19.so
--24935--   Considering /lib/x86_64-linux-gnu/libm-2.19.so ..
--24935--   .. CRC mismatch (computed a46ef660 wanted 767bfa33)
--24935--   Considering /usr/lib/debug/lib/x86_64-linux-gnu/libm-2.19.so ..
--24935--   .. CRC is valid
--24935-- Reading syms from /lib/x86_64-linux-gnu/libgcc_s.so.1
--24935--   Considering /lib/x86_64-linux-gnu/libgcc_s.so.1 ..
--24935--   .. CRC mismatch (computed ea519b66 wanted 0c00ddb3)
--24935--    object doesn't have a symbol table
--24935-- Reading syms from /lib/x86_64-linux-gnu/libc-2.19.so
--24935--   Considering /lib/x86_64-linux-gnu/libc-2.19.so ..
--24935--   .. CRC mismatch (computed dc620abc wanted 148cbd6e)
--24935--   Considering /usr/lib/debug/lib/x86_64-linux-gnu/libc-2.19.so ..
--24935--   .. CRC is valid
--24935-- REDIR: 0x56e3d60 (strcasecmp) redirected to 0x4a25720 (_vgnU_ifunc_wrapper)
--24935-- REDIR: 0x56e6050 (strncasecmp) redirected to 0x4a25720 (_vgnU_ifunc_wrapper)
--24935-- REDIR: 0x56e3530 (memcpy@GLIBC_2.2.5) redirected to 0x4a25720 (_vgnU_ifunc_wrapper)
--24935-- REDIR: 0x56e17c0 (rindex) redirected to 0x4c2da30 (rindex)
--24935-- REDIR: 0x56dfac0 (strlen) redirected to 0x4c2e0e0 (strlen)
--24935-- REDIR: 0x56e2fa0 (__GI_memcmp) redirected to 0x4c30b80 (__GI_memcmp)
--24935-- REDIR: 0x56de070 (strcmp) redirected to 0x4a25720 (_vgnU_ifunc_wrapper)
--24935-- REDIR: 0x5797200 (__strcmp_ssse3) redirected to 0x4c2f1b0 (strcmp)
--24935-- REDIR: 0x4e95d90 (operator new(unsigned long)) redirected to 0x4c2b070 (operator new(unsigned long))
--24935-- REDIR: 0x56d9750 (malloc) redirected to 0x4c2ab10 (malloc)
--24935-- REDIR: 0x56e2410 (__GI_strstr) redirected to 0x4c32030 (__strstr_sse2)
--24935-- REDIR: 0x56e8780 (__GI_memcpy) redirected to 0x4c2fc90 (__GI_memcpy)
--24935-- REDIR: 0x56d9df0 (free) redirected to 0x4c2bd80 (free)
--24935-- REDIR: 0xffffffffff600400 (???) redirected to 0x3806831d (???)
--24935-- REDIR: 0x56e2c10 (memchr) redirected to 0x4c2f390 (memchr)
--24935-- REDIR: 0x56eaac0 (strchrnul) redirected to 0x4c319b0 (strchrnul)
--24935-- REDIR: 0x56e35c0 (memset) redirected to 0x4c31350 (memset)
--24935-- REDIR: 0x57a7090 (__memmove_ssse3_back) redirected to 0x4c2f450 (memcpy@GLIBC_2.2.5)
--24935-- REDIR: 0x4e940f0 (operator delete(void*)) redirected to 0x4c2c250 (operator delete(void*))
==24935== Invalid read of size 8
==24935==    at 0x4070F5: crankshaft() (engine.h:595)
==24935==    by 0x408E04: mc_step() (engine.h:674)
==24935==    by 0x401714: main (simulation.cpp:51)
==24935==  Address 0x5a1d0a0 is 0 bytes after a block of size 800 alloc'd
==24935==    at 0x4C2B0E0: operator new(unsigned long) (in /usr/lib/valgrind/vgpreload_memcheck-amd64-linux.so)
==24935==    by 0x40BC4B: std::vector<double, std::allocator<double> >::_M_fill_assign(unsigned long, double const&) (new_allocator.h:104)
==24935==    by 0x40937F: init() (stl_vector.h:480)
==24935==    by 0x401650: main (simulation.cpp:25)
==24935== 
==24935== Invalid read of size 8
==24935==    at 0x40710C: crankshaft() (engine.h:596)
==24935==    by 0x408E04: mc_step() (engine.h:674)
==24935==    by 0x401714: main (simulation.cpp:51)
==24935==  Address 0x5a1d400 is 0 bytes after a block of size 800 alloc'd
==24935==    at 0x4C2B0E0: operator new(unsigned long) (in /usr/lib/valgrind/vgpreload_memcheck-amd64-linux.so)
==24935==    by 0x40BC4B: std::vector<double, std::allocator<double> >::_M_fill_assign(unsigned long, double const&) (new_allocator.h:104)
==24935==    by 0x40939E: init() (stl_vector.h:480)
==24935==    by 0x401650: main (simulation.cpp:25)
==24935== 
==24935== Invalid read of size 8
==24935==    at 0x407123: crankshaft() (engine.h:597)
==24935==    by 0x408E04: mc_step() (engine.h:674)
==24935==    by 0x401714: main (simulation.cpp:51)
==24935==  Address 0x5a1d760 is 0 bytes after a block of size 800 alloc'd
==24935==    at 0x4C2B0E0: operator new(unsigned long) (in /usr/lib/valgrind/vgpreload_memcheck-amd64-linux.so)
==24935==    by 0x40BC4B: std::vector<double, std::allocator<double> >::_M_fill_assign(unsigned long, double const&) (new_allocator.h:104)
==24935==    by 0x4093C2: init() (stl_vector.h:480)
==24935==    by 0x401650: main (simulation.cpp:25)
==24935== 
==24935== Invalid read of size 8
==24935==    at 0x403586: getCorrelator() (engine.h:148)
==24935==    by 0x4018E7: main (engine.h:768)
==24935==  Address 0x5a1c0b8 is 0 bytes after a block of size 120 alloc'd
==24935==    at 0x4C2B0E0: operator new(unsigned long) (in /usr/lib/valgrind/vgpreload_memcheck-amd64-linux.so)
==24935==    by 0x40AF9D: std::vector<double, std::allocator<double> >::vector(unsigned long, double const&, std::allocator<double> const&) (new_allocator.h:104)
==24935==    by 0x401EBA: _GLOBAL__sub_I__ZlsRSoRKSt6vectorIdSaIdEE (engine.h:60)
==24935==    by 0x40C13C: __libc_csu_init (in /home/paul/github/WLC/ss_new_moveset/wlc)
==24935==    by 0x5678E54: (below main) (libc-start.c:246)
==24935== 
==24935== Invalid write of size 8
==24935==    at 0x40358A: getCorrelator() (engine.h:148)
==24935==    by 0x4018E7: main (engine.h:768)
==24935==  Address 0x5a1c0b8 is 0 bytes after a block of size 120 alloc'd
==24935==    at 0x4C2B0E0: operator new(unsigned long) (in /usr/lib/valgrind/vgpreload_memcheck-amd64-linux.so)
==24935==    by 0x40AF9D: std::vector<double, std::allocator<double> >::vector(unsigned long, double const&, std::allocator<double> const&) (new_allocator.h:104)
==24935==    by 0x401EBA: _GLOBAL__sub_I__ZlsRSoRKSt6vectorIdSaIdEE (engine.h:60)
==24935==    by 0x40C13C: __libc_csu_init (in /home/paul/github/WLC/ss_new_moveset/wlc)
==24935==    by 0x5678E54: (below main) (libc-start.c:246)
==24935== 
--24935-- REDIR: 0x56e8730 (memcpy@@GLIBC_2.14) redirected to 0x4a25720 (_vgnU_ifunc_wrapper)
--24935-- REDIR: 0x56eefd0 (__memcpy_sse2_unaligned) redirected to 0x4c2f6b0 (memcpy@@GLIBC_2.14)
--24935-- REDIR: 0x56e2f60 (bcmp) redirected to 0x4a25720 (_vgnU_ifunc_wrapper)
--24935-- REDIR: 0x57b7060 (__memcmp_sse4_1) redirected to 0x4c30c00 (__memcmp_sse4_1)
opening file : 
--24935-- REDIR: 0x4e95ea0 (operator new[](unsigned long)) redirected to 0x4c2b790 (operator new[](unsigned long))
closing moments file : 
--24935-- REDIR: 0x4e94120 (operator delete[](void*)) redirected to 0x4c2c7d0 (operator delete[](void*))
closing cosine file: 
opening file: 
closing corr file: 
opening file: 
closing modes file: 
all files closed 
==24935== 
==24935== HEAP SUMMARY:
==24935==     in use at exit: 1,136 bytes in 2 blocks
==24935==   total heap usage: 7,991,951 allocs, 7,991,949 frees, 192,172,912 bytes allocated
==24935== 
==24935== Searching for pointers to 2 not-freed blocks
==24935== Checked 200,456 bytes
==24935== 
==24935== 568 bytes in 1 blocks are still reachable in loss record 1 of 2
==24935==    at 0x4C2AB80: malloc (in /usr/lib/valgrind/vgpreload_memcheck-amd64-linux.so)
==24935==    by 0x56C544C: __fopen_internal (iofopen.c:73)
==24935==    by 0x409D90: init() (engine.h:309)
==24935==    by 0x401650: main (simulation.cpp:25)
==24935== 
==24935== 568 bytes in 1 blocks are still reachable in loss record 2 of 2
==24935==    at 0x4C2AB80: malloc (in /usr/lib/valgrind/vgpreload_memcheck-amd64-linux.so)
==24935==    by 0x56C544C: __fopen_internal (iofopen.c:73)
==24935==    by 0x409DF4: init() (engine.h:312)
==24935==    by 0x401650: main (simulation.cpp:25)
==24935== 
==24935== LEAK SUMMARY:
==24935==    definitely lost: 0 bytes in 0 blocks
==24935==    indirectly lost: 0 bytes in 0 blocks
==24935==      possibly lost: 0 bytes in 0 blocks
==24935==    still reachable: 1,136 bytes in 2 blocks
==24935==         suppressed: 0 bytes in 0 blocks
==24935== 
==24935== ERROR SUMMARY: 170705 errors from 5 contexts (suppressed: 0 from 0)
==24935== 
==24935== 235 errors in context 1 of 5:
==24935== Invalid read of size 8
==24935==    at 0x407123: crankshaft() (engine.h:597)
==24935==    by 0x408E04: mc_step() (engine.h:674)
==24935==    by 0x401714: main (simulation.cpp:51)
==24935==  Address 0x5a1d760 is 0 bytes after a block of size 800 alloc'd
==24935==    at 0x4C2B0E0: operator new(unsigned long) (in /usr/lib/valgrind/vgpreload_memcheck-amd64-linux.so)
==24935==    by 0x40BC4B: std::vector<double, std::allocator<double> >::_M_fill_assign(unsigned long, double const&) (new_allocator.h:104)
==24935==    by 0x4093C2: init() (stl_vector.h:480)
==24935==    by 0x401650: main (simulation.cpp:25)
==24935== 
==24935== 
==24935== 235 errors in context 2 of 5:
==24935== Invalid read of size 8
==24935==    at 0x40710C: crankshaft() (engine.h:596)
==24935==    by 0x408E04: mc_step() (engine.h:674)
==24935==    by 0x401714: main (simulation.cpp:51)
==24935==  Address 0x5a1d400 is 0 bytes after a block of size 800 alloc'd
==24935==    at 0x4C2B0E0: operator new(unsigned long) (in /usr/lib/valgrind/vgpreload_memcheck-amd64-linux.so)
==24935==    by 0x40BC4B: std::vector<double, std::allocator<double> >::_M_fill_assign(unsigned long, double const&) (new_allocator.h:104)
==24935==    by 0x40939E: init() (stl_vector.h:480)
==24935==    by 0x401650: main (simulation.cpp:25)
==24935== 
==24935== 
==24935== 235 errors in context 3 of 5:
==24935== Invalid read of size 8
==24935==    at 0x4070F5: crankshaft() (engine.h:595)
==24935==    by 0x408E04: mc_step() (engine.h:674)
==24935==    by 0x401714: main (simulation.cpp:51)
==24935==  Address 0x5a1d0a0 is 0 bytes after a block of size 800 alloc'd
==24935==    at 0x4C2B0E0: operator new(unsigned long) (in /usr/lib/valgrind/vgpreload_memcheck-amd64-linux.so)
==24935==    by 0x40BC4B: std::vector<double, std::allocator<double> >::_M_fill_assign(unsigned long, double const&) (new_allocator.h:104)
==24935==    by 0x40937F: init() (stl_vector.h:480)
==24935==    by 0x401650: main (simulation.cpp:25)
==24935== 
==24935== 
==24935== 85000 errors in context 4 of 5:
==24935== Invalid write of size 8
==24935==    at 0x40358A: getCorrelator() (engine.h:148)
==24935==    by 0x4018E7: main (engine.h:768)
==24935==  Address 0x5a1c0b8 is 0 bytes after a block of size 120 alloc'd
==24935==    at 0x4C2B0E0: operator new(unsigned long) (in /usr/lib/valgrind/vgpreload_memcheck-amd64-linux.so)
==24935==    by 0x40AF9D: std::vector<double, std::allocator<double> >::vector(unsigned long, double const&, std::allocator<double> const&) (new_allocator.h:104)
==24935==    by 0x401EBA: _GLOBAL__sub_I__ZlsRSoRKSt6vectorIdSaIdEE (engine.h:60)
==24935==    by 0x40C13C: __libc_csu_init (in /home/paul/github/WLC/ss_new_moveset/wlc)
==24935==    by 0x5678E54: (below main) (libc-start.c:246)
==24935== 
==24935== 
==24935== 85000 errors in context 5 of 5:
==24935== Invalid read of size 8
==24935==    at 0x403586: getCorrelator() (engine.h:148)
==24935==    by 0x4018E7: main (engine.h:768)
==24935==  Address 0x5a1c0b8 is 0 bytes after a block of size 120 alloc'd
==24935==    at 0x4C2B0E0: operator new(unsigned long) (in /usr/lib/valgrind/vgpreload_memcheck-amd64-linux.so)
==24935==    by 0x40AF9D: std::vector<double, std::allocator<double> >::vector(unsigned long, double const&, std::allocator<double> const&) (new_allocator.h:104)
==24935==    by 0x401EBA: _GLOBAL__sub_I__ZlsRSoRKSt6vectorIdSaIdEE (engine.h:60)
==24935==    by 0x40C13C: __libc_csu_init (in /home/paul/github/WLC/ss_new_moveset/wlc)
==24935==    by 0x5678E54: (below main) (libc-start.c:246)
==24935== 
==24935== ERROR SUMMARY: 170705 errors from 5 contexts (suppressed: 0 from 0)
