50 windows
1 passes/window
50000000 steps/pass
window 1/50	pass 1/1	step 5e+06
window 1/50	pass 1/1	step 1e+07
window 1/50	pass 1/1	step 1.5e+07
window 1/50	pass 1/1	step 2e+07
window 1/50	pass 1/1	step 2.5e+07
window 1/50	pass 1/1	step 3e+07
window 1/50	pass 1/1	step 3.5e+07
window 1/50	pass 1/1	step 4e+07
window 1/50	pass 1/1	step 4.5e+07
window 1/50	pass 1/1	step 5e+07
window 2/50	pass 1/1	step 5e+06
window 2/50	pass 1/1	step 1e+07
window 2/50	pass 1/1	step 1.5e+07
window 2/50	pass 1/1	step 2e+07
window 2/50	pass 1/1	step 2.5e+07
window 2/50	pass 1/1	step 3e+07
window 2/50	pass 1/1	step 3.5e+07
window 2/50	pass 1/1	step 4e+07
window 2/50	pass 1/1	step 4.5e+07
window 2/50	pass 1/1	step 5e+07
window 3/50	pass 1/1	step 5e+06
window 3/50	pass 1/1	step 1e+07
window 3/50	pass 1/1	step 1.5e+07
window 3/50	pass 1/1	step 2e+07
window 3/50	pass 1/1	step 2.5e+07
window 3/50	pass 1/1	step 3e+07
window 3/50	pass 1/1	step 3.5e+07
window 3/50	pass 1/1	step 4e+07
window 3/50	pass 1/1	step 4.5e+07
window 3/50	pass 1/1	step 5e+07
window 4/50	pass 1/1	step 5e+06
window 4/50	pass 1/1	step 1e+07
window 4/50	pass 1/1	step 1.5e+07
window 4/50	pass 1/1	step 2e+07
window 4/50	pass 1/1	step 2.5e+07
window 4/50	pass 1/1	step 3e+07
window 4/50	pass 1/1	step 3.5e+07
window 4/50	pass 1/1	step 4e+07
window 4/50	pass 1/1	step 4.5e+07
window 4/50	pass 1/1	step 5e+07
window 5/50	pass 1/1	step 5e+06
window 5/50	pass 1/1	step 1e+07
window 5/50	pass 1/1	step 1.5e+07
window 5/50	pass 1/1	step 2e+07
window 5/50	pass 1/1	step 2.5e+07
window 5/50	pass 1/1	step 3e+07
window 5/50	pass 1/1	step 3.5e+07
window 5/50	pass 1/1	step 4e+07
window 5/50	pass 1/1	step 4.5e+07
window 5/50	pass 1/1	step 5e+07
window 6/50	pass 1/1	step 5e+06
window 6/50	pass 1/1	step 1e+07
window 6/50	pass 1/1	step 1.5e+07
window 6/50	pass 1/1	step 2e+07
window 6/50	pass 1/1	step 2.5e+07
window 6/50	pass 1/1	step 3e+07
window 6/50	pass 1/1	step 3.5e+07
window 6/50	pass 1/1	step 4e+07
window 6/50	pass 1/1	step 4.5e+07
window 6/50	pass 1/1	step 5e+07
window 7/50	pass 1/1	step 5e+06
window 7/50	pass 1/1	step 1e+07
window 7/50	pass 1/1	step 1.5e+07
window 7/50	pass 1/1	step 2e+07
window 7/50	pass 1/1	step 2.5e+07
window 7/50	pass 1/1	step 3e+07
window 7/50	pass 1/1	step 3.5e+07
window 7/50	pass 1/1	step 4e+07
window 7/50	pass 1/1	step 4.5e+07
window 7/50	pass 1/1	step 5e+07
window 8/50	pass 1/1	step 5e+06
window 8/50	pass 1/1	step 1e+07
window 8/50	pass 1/1	step 1.5e+07
window 8/50	pass 1/1	step 2e+07
window 8/50	pass 1/1	step 2.5e+07
window 8/50	pass 1/1	step 3e+07
window 8/50	pass 1/1	step 3.5e+07
window 8/50	pass 1/1	step 4e+07
window 8/50	pass 1/1	step 4.5e+07
window 8/50	pass 1/1	step 5e+07
window 9/50	pass 1/1	step 5e+06
window 9/50	pass 1/1	step 1e+07
window 9/50	pass 1/1	step 1.5e+07
window 9/50	pass 1/1	step 2e+07
window 9/50	pass 1/1	step 2.5e+07
window 9/50	pass 1/1	step 3e+07
window 9/50	pass 1/1	step 3.5e+07
window 9/50	pass 1/1	step 4e+07
window 9/50	pass 1/1	step 4.5e+07
window 9/50	pass 1/1	step 5e+07
window 10/50	pass 1/1	step 5e+06
window 10/50	pass 1/1	step 1e+07
window 10/50	pass 1/1	step 1.5e+07
window 10/50	pass 1/1	step 2e+07
window 10/50	pass 1/1	step 2.5e+07
window 10/50	pass 1/1	step 3e+07
window 10/50	pass 1/1	step 3.5e+07
window 10/50	pass 1/1	step 4e+07
window 10/50	pass 1/1	step 4.5e+07
window 10/50	pass 1/1	step 5e+07
window 11/50	pass 1/1	step 5e+06
window 11/50	pass 1/1	step 1e+07
window 11/50	pass 1/1	step 1.5e+07
window 11/50	pass 1/1	step 2e+07
window 11/50	pass 1/1	step 2.5e+07
window 11/50	pass 1/1	step 3e+07
window 11/50	pass 1/1	step 3.5e+07
window 11/50	pass 1/1	step 4e+07
window 11/50	pass 1/1	step 4.5e+07
window 11/50	pass 1/1	step 5e+07
window 12/50	pass 1/1	step 5e+06
window 12/50	pass 1/1	step 1e+07
window 12/50	pass 1/1	step 1.5e+07
window 12/50	pass 1/1	step 2e+07
window 12/50	pass 1/1	step 2.5e+07
window 12/50	pass 1/1	step 3e+07
window 12/50	pass 1/1	step 3.5e+07
window 12/50	pass 1/1	step 4e+07
window 12/50	pass 1/1	step 4.5e+07
window 12/50	pass 1/1	step 5e+07
window 13/50	pass 1/1	step 5e+06
window 13/50	pass 1/1	step 1e+07
window 13/50	pass 1/1	step 1.5e+07
window 13/50	pass 1/1	step 2e+07
window 13/50	pass 1/1	step 2.5e+07
window 13/50	pass 1/1	step 3e+07
window 13/50	pass 1/1	step 3.5e+07
window 13/50	pass 1/1	step 4e+07
window 13/50	pass 1/1	step 4.5e+07
window 13/50	pass 1/1	step 5e+07
window 14/50	pass 1/1	step 5e+06
window 14/50	pass 1/1	step 1e+07
window 14/50	pass 1/1	step 1.5e+07
window 14/50	pass 1/1	step 2e+07
window 14/50	pass 1/1	step 2.5e+07
window 14/50	pass 1/1	step 3e+07
window 14/50	pass 1/1	step 3.5e+07
window 14/50	pass 1/1	step 4e+07
window 14/50	pass 1/1	step 4.5e+07
window 14/50	pass 1/1	step 5e+07
window 15/50	pass 1/1	step 5e+06
window 15/50	pass 1/1	step 1e+07
window 15/50	pass 1/1	step 1.5e+07
window 15/50	pass 1/1	step 2e+07
window 15/50	pass 1/1	step 2.5e+07
window 15/50	pass 1/1	step 3e+07
window 15/50	pass 1/1	step 3.5e+07
window 15/50	pass 1/1	step 4e+07
window 15/50	pass 1/1	step 4.5e+07
window 15/50	pass 1/1	step 5e+07
window 16/50	pass 1/1	step 5e+06
window 16/50	pass 1/1	step 1e+07
window 16/50	pass 1/1	step 1.5e+07
window 16/50	pass 1/1	step 2e+07
window 16/50	pass 1/1	step 2.5e+07
window 16/50	pass 1/1	step 3e+07
window 16/50	pass 1/1	step 3.5e+07
window 16/50	pass 1/1	step 4e+07
window 16/50	pass 1/1	step 4.5e+07
window 16/50	pass 1/1	step 5e+07
window 17/50	pass 1/1	step 5e+06
window 17/50	pass 1/1	step 1e+07
window 17/50	pass 1/1	step 1.5e+07
window 17/50	pass 1/1	step 2e+07
window 17/50	pass 1/1	step 2.5e+07
window 17/50	pass 1/1	step 3e+07
window 17/50	pass 1/1	step 3.5e+07
window 17/50	pass 1/1	step 4e+07
window 17/50	pass 1/1	step 4.5e+07
window 17/50	pass 1/1	step 5e+07
window 18/50	pass 1/1	step 5e+06
window 18/50	pass 1/1	step 1e+07
window 18/50	pass 1/1	step 1.5e+07
window 18/50	pass 1/1	step 2e+07
window 18/50	pass 1/1	step 2.5e+07
window 18/50	pass 1/1	step 3e+07
window 18/50	pass 1/1	step 3.5e+07
window 18/50	pass 1/1	step 4e+07
window 18/50	pass 1/1	step 4.5e+07
window 18/50	pass 1/1	step 5e+07
window 19/50	pass 1/1	step 5e+06
window 19/50	pass 1/1	step 1e+07
window 19/50	pass 1/1	step 1.5e+07
window 19/50	pass 1/1	step 2e+07
window 19/50	pass 1/1	step 2.5e+07
window 19/50	pass 1/1	step 3e+07
window 19/50	pass 1/1	step 3.5e+07
window 19/50	pass 1/1	step 4e+07
window 19/50	pass 1/1	step 4.5e+07
window 19/50	pass 1/1	step 5e+07
window 20/50	pass 1/1	step 5e+06
window 20/50	pass 1/1	step 1e+07
window 20/50	pass 1/1	step 1.5e+07
window 20/50	pass 1/1	step 2e+07
window 20/50	pass 1/1	step 2.5e+07
window 20/50	pass 1/1	step 3e+07
window 20/50	pass 1/1	step 3.5e+07
window 20/50	pass 1/1	step 4e+07
window 20/50	pass 1/1	step 4.5e+07
window 20/50	pass 1/1	step 5e+07
window 21/50	pass 1/1	step 5e+06
window 21/50	pass 1/1	step 1e+07
window 21/50	pass 1/1	step 1.5e+07
window 21/50	pass 1/1	step 2e+07
window 21/50	pass 1/1	step 2.5e+07
window 21/50	pass 1/1	step 3e+07
window 21/50	pass 1/1	step 3.5e+07
window 21/50	pass 1/1	step 4e+07
window 21/50	pass 1/1	step 4.5e+07
window 21/50	pass 1/1	step 5e+07
window 22/50	pass 1/1	step 5e+06
window 22/50	pass 1/1	step 1e+07
window 22/50	pass 1/1	step 1.5e+07
window 22/50	pass 1/1	step 2e+07
window 22/50	pass 1/1	step 2.5e+07
window 22/50	pass 1/1	step 3e+07
window 22/50	pass 1/1	step 3.5e+07
window 22/50	pass 1/1	step 4e+07
window 22/50	pass 1/1	step 4.5e+07
window 22/50	pass 1/1	step 5e+07
window 23/50	pass 1/1	step 5e+06
window 23/50	pass 1/1	step 1e+07
window 23/50	pass 1/1	step 1.5e+07
window 23/50	pass 1/1	step 2e+07
window 23/50	pass 1/1	step 2.5e+07
window 23/50	pass 1/1	step 3e+07
window 23/50	pass 1/1	step 3.5e+07
window 23/50	pass 1/1	step 4e+07
window 23/50	pass 1/1	step 4.5e+07
window 23/50	pass 1/1	step 5e+07
window 24/50	pass 1/1	step 5e+06
window 24/50	pass 1/1	step 1e+07
window 24/50	pass 1/1	step 1.5e+07
window 24/50	pass 1/1	step 2e+07
window 24/50	pass 1/1	step 2.5e+07
window 24/50	pass 1/1	step 3e+07
window 24/50	pass 1/1	step 3.5e+07
window 24/50	pass 1/1	step 4e+07
window 24/50	pass 1/1	step 4.5e+07
window 24/50	pass 1/1	step 5e+07
window 25/50	pass 1/1	step 5e+06
window 25/50	pass 1/1	step 1e+07
window 25/50	pass 1/1	step 1.5e+07
window 25/50	pass 1/1	step 2e+07
window 25/50	pass 1/1	step 2.5e+07
window 25/50	pass 1/1	step 3e+07
window 25/50	pass 1/1	step 3.5e+07
window 25/50	pass 1/1	step 4e+07
window 25/50	pass 1/1	step 4.5e+07
window 25/50	pass 1/1	step 5e+07
window 26/50	pass 1/1	step 5e+06
window 26/50	pass 1/1	step 1e+07
window 26/50	pass 1/1	step 1.5e+07
window 26/50	pass 1/1	step 2e+07
window 26/50	pass 1/1	step 2.5e+07
window 26/50	pass 1/1	step 3e+07
window 26/50	pass 1/1	step 3.5e+07
window 26/50	pass 1/1	step 4e+07
window 26/50	pass 1/1	step 4.5e+07
window 26/50	pass 1/1	step 5e+07
window 27/50	pass 1/1	step 5e+06
window 27/50	pass 1/1	step 1e+07
window 27/50	pass 1/1	step 1.5e+07
window 27/50	pass 1/1	step 2e+07
window 27/50	pass 1/1	step 2.5e+07
window 27/50	pass 1/1	step 3e+07
window 27/50	pass 1/1	step 3.5e+07
window 27/50	pass 1/1	step 4e+07
window 27/50	pass 1/1	step 4.5e+07
window 27/50	pass 1/1	step 5e+07
window 28/50	pass 1/1	step 5e+06
window 28/50	pass 1/1	step 1e+07
window 28/50	pass 1/1	step 1.5e+07
window 28/50	pass 1/1	step 2e+07
window 28/50	pass 1/1	step 2.5e+07
window 28/50	pass 1/1	step 3e+07
window 28/50	pass 1/1	step 3.5e+07
window 28/50	pass 1/1	step 4e+07
window 28/50	pass 1/1	step 4.5e+07
window 28/50	pass 1/1	step 5e+07
window 29/50	pass 1/1	step 5e+06
window 29/50	pass 1/1	step 1e+07
window 29/50	pass 1/1	step 1.5e+07
window 29/50	pass 1/1	step 2e+07
window 29/50	pass 1/1	step 2.5e+07
window 29/50	pass 1/1	step 3e+07
window 29/50	pass 1/1	step 3.5e+07
window 29/50	pass 1/1	step 4e+07
window 29/50	pass 1/1	step 4.5e+07
window 29/50	pass 1/1	step 5e+07
window 30/50	pass 1/1	step 5e+06
window 30/50	pass 1/1	step 1e+07
window 30/50	pass 1/1	step 1.5e+07
window 30/50	pass 1/1	step 2e+07
window 30/50	pass 1/1	step 2.5e+07
window 30/50	pass 1/1	step 3e+07
window 30/50	pass 1/1	step 3.5e+07
window 30/50	pass 1/1	step 4e+07
window 30/50	pass 1/1	step 4.5e+07
window 30/50	pass 1/1	step 5e+07
window 31/50	pass 1/1	step 5e+06
window 31/50	pass 1/1	step 1e+07
window 31/50	pass 1/1	step 1.5e+07
window 31/50	pass 1/1	step 2e+07
window 31/50	pass 1/1	step 2.5e+07
window 31/50	pass 1/1	step 3e+07
window 31/50	pass 1/1	step 3.5e+07
window 31/50	pass 1/1	step 4e+07
window 31/50	pass 1/1	step 4.5e+07
window 31/50	pass 1/1	step 5e+07
window 32/50	pass 1/1	step 5e+06
window 32/50	pass 1/1	step 1e+07
window 32/50	pass 1/1	step 1.5e+07
window 32/50	pass 1/1	step 2e+07
window 32/50	pass 1/1	step 2.5e+07
window 32/50	pass 1/1	step 3e+07
window 32/50	pass 1/1	step 3.5e+07
window 32/50	pass 1/1	step 4e+07
window 32/50	pass 1/1	step 4.5e+07
window 32/50	pass 1/1	step 5e+07
window 33/50	pass 1/1	step 5e+06
window 33/50	pass 1/1	step 1e+07
window 33/50	pass 1/1	step 1.5e+07
window 33/50	pass 1/1	step 2e+07
window 33/50	pass 1/1	step 2.5e+07
window 33/50	pass 1/1	step 3e+07
window 33/50	pass 1/1	step 3.5e+07
window 33/50	pass 1/1	step 4e+07
window 33/50	pass 1/1	step 4.5e+07
window 33/50	pass 1/1	step 5e+07
window 34/50	pass 1/1	step 5e+06
window 34/50	pass 1/1	step 1e+07
window 34/50	pass 1/1	step 1.5e+07
window 34/50	pass 1/1	step 2e+07
window 34/50	pass 1/1	step 2.5e+07
window 34/50	pass 1/1	step 3e+07
window 34/50	pass 1/1	step 3.5e+07
window 34/50	pass 1/1	step 4e+07
window 34/50	pass 1/1	step 4.5e+07
window 34/50	pass 1/1	step 5e+07
window 35/50	pass 1/1	step 5e+06
window 35/50	pass 1/1	step 1e+07
window 35/50	pass 1/1	step 1.5e+07
window 35/50	pass 1/1	step 2e+07
window 35/50	pass 1/1	step 2.5e+07
window 35/50	pass 1/1	step 3e+07
window 35/50	pass 1/1	step 3.5e+07
window 35/50	pass 1/1	step 4e+07
window 35/50	pass 1/1	step 4.5e+07
window 35/50	pass 1/1	step 5e+07
window 36/50	pass 1/1	step 5e+06
window 36/50	pass 1/1	step 1e+07
window 36/50	pass 1/1	step 1.5e+07
window 36/50	pass 1/1	step 2e+07
window 36/50	pass 1/1	step 2.5e+07
window 36/50	pass 1/1	step 3e+07
window 36/50	pass 1/1	step 3.5e+07
window 36/50	pass 1/1	step 4e+07
window 36/50	pass 1/1	step 4.5e+07
window 36/50	pass 1/1	step 5e+07
window 37/50	pass 1/1	step 5e+06
window 37/50	pass 1/1	step 1e+07
window 37/50	pass 1/1	step 1.5e+07
window 37/50	pass 1/1	step 2e+07
window 37/50	pass 1/1	step 2.5e+07
window 37/50	pass 1/1	step 3e+07
window 37/50	pass 1/1	step 3.5e+07
window 37/50	pass 1/1	step 4e+07
window 37/50	pass 1/1	step 4.5e+07
window 37/50	pass 1/1	step 5e+07
window 38/50	pass 1/1	step 5e+06
window 38/50	pass 1/1	step 1e+07
window 38/50	pass 1/1	step 1.5e+07
window 38/50	pass 1/1	step 2e+07
window 38/50	pass 1/1	step 2.5e+07
window 38/50	pass 1/1	step 3e+07
window 38/50	pass 1/1	step 3.5e+07
window 38/50	pass 1/1	step 4e+07
window 38/50	pass 1/1	step 4.5e+07
window 38/50	pass 1/1	step 5e+07
window 39/50	pass 1/1	step 5e+06
window 39/50	pass 1/1	step 1e+07
window 39/50	pass 1/1	step 1.5e+07
window 39/50	pass 1/1	step 2e+07
window 39/50	pass 1/1	step 2.5e+07
window 39/50	pass 1/1	step 3e+07
window 39/50	pass 1/1	step 3.5e+07
window 39/50	pass 1/1	step 4e+07
window 39/50	pass 1/1	step 4.5e+07
window 39/50	pass 1/1	step 5e+07
window 40/50	pass 1/1	step 5e+06
window 40/50	pass 1/1	step 1e+07
window 40/50	pass 1/1	step 1.5e+07
window 40/50	pass 1/1	step 2e+07
window 40/50	pass 1/1	step 2.5e+07
window 40/50	pass 1/1	step 3e+07
window 40/50	pass 1/1	step 3.5e+07
window 40/50	pass 1/1	step 4e+07
window 40/50	pass 1/1	step 4.5e+07
window 40/50	pass 1/1	step 5e+07
window 41/50	pass 1/1	step 5e+06
window 41/50	pass 1/1	step 1e+07
window 41/50	pass 1/1	step 1.5e+07
window 41/50	pass 1/1	step 2e+07
window 41/50	pass 1/1	step 2.5e+07
window 41/50	pass 1/1	step 3e+07
window 41/50	pass 1/1	step 3.5e+07
window 41/50	pass 1/1	step 4e+07
window 41/50	pass 1/1	step 4.5e+07
window 41/50	pass 1/1	step 5e+07
window 42/50	pass 1/1	step 5e+06
window 42/50	pass 1/1	step 1e+07
window 42/50	pass 1/1	step 1.5e+07
window 42/50	pass 1/1	step 2e+07
window 42/50	pass 1/1	step 2.5e+07
window 42/50	pass 1/1	step 3e+07
window 42/50	pass 1/1	step 3.5e+07
window 42/50	pass 1/1	step 4e+07
window 42/50	pass 1/1	step 4.5e+07
window 42/50	pass 1/1	step 5e+07
window 43/50	pass 1/1	step 5e+06
window 43/50	pass 1/1	step 1e+07
window 43/50	pass 1/1	step 1.5e+07
window 43/50	pass 1/1	step 2e+07
window 43/50	pass 1/1	step 2.5e+07
window 43/50	pass 1/1	step 3e+07
window 43/50	pass 1/1	step 3.5e+07
window 43/50	pass 1/1	step 4e+07
window 43/50	pass 1/1	step 4.5e+07
window 43/50	pass 1/1	step 5e+07
window 44/50	pass 1/1	step 5e+06
window 44/50	pass 1/1	step 1e+07
window 44/50	pass 1/1	step 1.5e+07
window 44/50	pass 1/1	step 2e+07
window 44/50	pass 1/1	step 2.5e+07
window 44/50	pass 1/1	step 3e+07
window 44/50	pass 1/1	step 3.5e+07
window 44/50	pass 1/1	step 4e+07
window 44/50	pass 1/1	step 4.5e+07
window 44/50	pass 1/1	step 5e+07
window 45/50	pass 1/1	step 5e+06
window 45/50	pass 1/1	step 1e+07
window 45/50	pass 1/1	step 1.5e+07
window 45/50	pass 1/1	step 2e+07
window 45/50	pass 1/1	step 2.5e+07
window 45/50	pass 1/1	step 3e+07
window 45/50	pass 1/1	step 3.5e+07
window 45/50	pass 1/1	step 4e+07
window 45/50	pass 1/1	step 4.5e+07
window 45/50	pass 1/1	step 5e+07
window 46/50	pass 1/1	step 5e+06
window 46/50	pass 1/1	step 1e+07
window 46/50	pass 1/1	step 1.5e+07
window 46/50	pass 1/1	step 2e+07
window 46/50	pass 1/1	step 2.5e+07
window 46/50	pass 1/1	step 3e+07
window 46/50	pass 1/1	step 3.5e+07
window 46/50	pass 1/1	step 4e+07
window 46/50	pass 1/1	step 4.5e+07
window 46/50	pass 1/1	step 5e+07
window 47/50	pass 1/1	step 5e+06
window 47/50	pass 1/1	step 1e+07
window 47/50	pass 1/1	step 1.5e+07
window 47/50	pass 1/1	step 2e+07
window 47/50	pass 1/1	step 2.5e+07
window 47/50	pass 1/1	step 3e+07
window 47/50	pass 1/1	step 3.5e+07
window 47/50	pass 1/1	step 4e+07
window 47/50	pass 1/1	step 4.5e+07
window 47/50	pass 1/1	step 5e+07
window 48/50	pass 1/1	step 5e+06
window 48/50	pass 1/1	step 1e+07
window 48/50	pass 1/1	step 1.5e+07
window 48/50	pass 1/1	step 2e+07
window 48/50	pass 1/1	step 2.5e+07
window 48/50	pass 1/1	step 3e+07
window 48/50	pass 1/1	step 3.5e+07
window 48/50	pass 1/1	step 4e+07
window 48/50	pass 1/1	step 4.5e+07
window 48/50	pass 1/1	step 5e+07
window 49/50	pass 1/1	step 5e+06
window 49/50	pass 1/1	step 1e+07
window 49/50	pass 1/1	step 1.5e+07
window 49/50	pass 1/1	step 2e+07
window 49/50	pass 1/1	step 2.5e+07
window 49/50	pass 1/1	step 3e+07
window 49/50	pass 1/1	step 3.5e+07
window 49/50	pass 1/1	step 4e+07
window 49/50	pass 1/1	step 4.5e+07
window 49/50	pass 1/1	step 5e+07
window 50/50	pass 1/1	step 5e+06
window 50/50	pass 1/1	step 1e+07
window 50/50	pass 1/1	step 1.5e+07
window 50/50	pass 1/1	step 2e+07
window 50/50	pass 1/1	step 2.5e+07
window 50/50	pass 1/1	step 3e+07
window 50/50	pass 1/1	step 3.5e+07
window 50/50	pass 1/1	step 4e+07
window 50/50	pass 1/1	step 4.5e+07
window 50/50	pass 1/1	step 5e+07
-44.3% steps accepted
running time: 20.78 minutes
